<?xml version="1.0" encoding="UTF-8"?>
<robot generator="Robot 3.0.4 (Python 3.6.4 on darwin)" generated="20190601 12:20:59.981">
<suite id="s1" name="Launch" source="/Users/ronharley/AutomatedTests/SSouq/Central/Launch.robot">
<test id="s1-t1" name="Add Product">
<kw name="Begin Web Test" library="Common" type="setup">
<kw name="Open Browser" library="SeleniumLibrary">
<doc>Opens a new browser instance to the given ``url``.</doc>
<arguments>
<arg>about:blank</arg>
<arg>${BROWSER}</arg>
</arguments>
<msg timestamp="20190601 12:21:00.382" level="INFO">Opening browser 'chrome' to base url 'about:blank'.</msg>
<status status="PASS" starttime="20190601 12:21:00.382" endtime="20190601 12:21:02.369"></status>
</kw>
<status status="PASS" starttime="20190601 12:21:00.382" endtime="20190601 12:21:02.369"></status>
</kw>
<kw name="Log To Console" library="BuiltIn">
<doc>Logs the given message to the console.</doc>
<arguments>
<arg>Add Product</arg>
</arguments>
<status status="PASS" starttime="20190601 12:21:02.370" endtime="20190601 12:21:02.370"></status>
</kw>
<kw name="Navigate_To_Page" library="SSouqSmoke">
<tags>
<tag>Go to Seafood Souq url</tag>
</tags>
<arguments>
<arg>https://qa.seafoodsouq.com</arg>
</arguments>
<kw name="Set Variable" library="BuiltIn">
<doc>Returns the given values which can then be assigned to a variables.</doc>
<arguments>
<arg>${SFSURL}</arg>
</arguments>
<assign>
<var>${sfstesturl}</var>
</assign>
<msg timestamp="20190601 12:21:02.371" level="INFO">${sfstesturl} = https://qa.seafoodsouq.com</msg>
<status status="PASS" starttime="20190601 12:21:02.371" endtime="20190601 12:21:02.371"></status>
</kw>
<kw name="Log To Console" library="BuiltIn">
<doc>Logs the given message to the console.</doc>
<arguments>
<arg>Navigating to Seafood Souq</arg>
</arguments>
<status status="PASS" starttime="20190601 12:21:02.371" endtime="20190601 12:21:02.371"></status>
</kw>
<kw name="Go To" library="SeleniumLibrary">
<doc>Navigates the active browser instance to the provided ``url``.</doc>
<arguments>
<arg>${sfstesturl}</arg>
</arguments>
<msg timestamp="20190601 12:21:02.372" level="INFO">Opening url 'https://qa.seafoodsouq.com'</msg>
<status status="PASS" starttime="20190601 12:21:02.372" endtime="20190601 12:21:06.091"></status>
</kw>
<kw name="Sleep" library="BuiltIn">
<doc>Pauses the test executed for the given time.</doc>
<arguments>
<arg>12</arg>
</arguments>
<msg timestamp="20190601 12:21:18.092" level="INFO">Slept 12 seconds</msg>
<status status="PASS" starttime="20190601 12:21:06.091" endtime="20190601 12:21:18.093"></status>
</kw>
<kw name="Maximize Browser Window" library="SeleniumLibrary">
<doc>Maximizes current browser window.</doc>
<status status="PASS" starttime="20190601 12:21:18.093" endtime="20190601 12:21:18.310"></status>
</kw>
<kw name="Set Window Size" library="SeleniumLibrary">
<doc>Sets current windows size to given ``width`` and ``height``.</doc>
<arguments>
<arg>1366</arg>
<arg>800</arg>
</arguments>
<status status="PASS" starttime="20190601 12:21:18.310" endtime="20190601 12:21:18.418"></status>
</kw>
<status status="PASS" starttime="20190601 12:21:02.370" endtime="20190601 12:21:18.418"></status>
</kw>
<kw name="Existing User Login" library="SSouqSmoke">
<tags>
<tag>Log In Up</tag>
</tags>
<arguments>
<arg>Seller6/1@seafoodsouq.com</arg>
<arg>Test1234</arg>
</arguments>
<kw name="Set Variable" library="BuiltIn">
<doc>Returns the given values which can then be assigned to a variables.</doc>
<arguments>
<arg>${EXISTINGU}</arg>
</arguments>
<assign>
<var>${existinguser}</var>
</assign>
<msg timestamp="20190601 12:21:18.419" level="INFO">${existinguser} = Seller6/1@seafoodsouq.com</msg>
<status status="PASS" starttime="20190601 12:21:18.419" endtime="20190601 12:21:18.419"></status>
</kw>
<kw name="Set Variable" library="BuiltIn">
<doc>Returns the given values which can then be assigned to a variables.</doc>
<arguments>
<arg>${EXISTINGP}</arg>
</arguments>
<assign>
<var>${existingpw}</var>
</assign>
<msg timestamp="20190601 12:21:18.420" level="INFO">${existingpw} = Test1234</msg>
<status status="PASS" starttime="20190601 12:21:18.419" endtime="20190601 12:21:18.420"></status>
</kw>
<kw name="Log To Console" library="BuiltIn">
<doc>Logs the given message to the console.</doc>
<arguments>
<arg>Log into Seafood Souq</arg>
</arguments>
<status status="PASS" starttime="20190601 12:21:18.420" endtime="20190601 12:21:18.420"></status>
</kw>
<kw name="Set Window Size" library="SeleniumLibrary">
<doc>Sets current windows size to given ``width`` and ``height``.</doc>
<arguments>
<arg>1366</arg>
<arg>800</arg>
</arguments>
<status status="PASS" starttime="20190601 12:21:18.420" endtime="20190601 12:21:18.562"></status>
</kw>
<kw name="Wait Until Element Is Visible" library="SeleniumLibrary">
<doc>Waits until element ``locator`` is visible.</doc>
<arguments>
<arg>${Login}</arg>
</arguments>
<status status="PASS" starttime="20190601 12:21:18.563" endtime="20190601 12:21:18.587"></status>
</kw>
<kw name="Click Element" library="SeleniumLibrary">
<doc>Click element identified by ``locator``.</doc>
<arguments>
<arg>${Login}</arg>
</arguments>
<msg timestamp="20190601 12:21:18.588" level="INFO">Clicking element '//div[@class='carousel-nav-sfs']//a[@class='nav-link'][contains(text(),'Login')]'.</msg>
<status status="PASS" starttime="20190601 12:21:18.588" endtime="20190601 12:21:18.635"></status>
</kw>
<kw name="Wait Until Element Is Visible" library="SeleniumLibrary">
<doc>Waits until element ``locator`` is visible.</doc>
<arguments>
<arg>${WelcomeBack}</arg>
</arguments>
<status status="PASS" starttime="20190601 12:21:18.636" endtime="20190601 12:21:19.358"></status>
</kw>
<kw name="Input Text" library="SeleniumLibrary">
<doc>Types the given ``text`` into text field identified by ``locator``.</doc>
<arguments>
<arg>${EmailField}</arg>
<arg>${existinguser}</arg>
</arguments>
<msg timestamp="20190601 12:21:19.359" level="INFO">Typing text 'Seller6/1@seafoodsouq.com' into text field '//input[contains(@formcontrolname,'email')]'.</msg>
<status status="PASS" starttime="20190601 12:21:19.358" endtime="20190601 12:21:19.539"></status>
</kw>
<kw name="Input Password" library="SeleniumLibrary">
<doc>Types the given password into text field identified by ``locator``.</doc>
<arguments>
<arg>${PasswordField}</arg>
<arg>${existingpw}</arg>
</arguments>
<msg timestamp="20190601 12:21:19.539" level="INFO">Typing password into text field '//input[contains(@formcontrolname,'password')]'.</msg>
<status status="PASS" starttime="20190601 12:21:19.539" endtime="20190601 12:21:19.610"></status>
</kw>
<kw name="Click Element" library="SeleniumLibrary">
<doc>Click element identified by ``locator``.</doc>
<arguments>
<arg>${LoginBtn}</arg>
</arguments>
<msg timestamp="20190601 12:21:19.611" level="INFO">Clicking element '//button[@class='btn-blue'][contains(.,'LOGIN')]'.</msg>
<status status="PASS" starttime="20190601 12:21:19.610" endtime="20190601 12:21:19.658"></status>
</kw>
<kw name="Wait Until Element Is Visible" library="SeleniumLibrary">
<doc>Waits until element ``locator`` is visible.</doc>
<arguments>
<arg>${SettingsToggleArrow}</arg>
<arg>7</arg>
</arguments>
<status status="PASS" starttime="20190601 12:21:19.658" endtime="20190601 12:21:21.377"></status>
</kw>
<status status="PASS" starttime="20190601 12:21:18.418" endtime="20190601 12:21:21.377"></status>
</kw>
<kw name="Add Product" library="SSouqSmoke">
<tags>
<tag>Addition of Product</tag>
</tags>
<arguments>
<arg>Test</arg>
<arg>Test</arg>
<arg>1234</arg>
<arg>4321</arg>
<arg>5</arg>
<arg>10</arg>
<arg>3</arg>
</arguments>
<kw name="Set Variable" library="BuiltIn">
<doc>Returns the given values which can then be assigned to a variables.</doc>
<arguments>
<arg>${PRODNAME}</arg>
</arguments>
<assign>
<var>${pa_name}</var>
</assign>
<msg timestamp="20190601 12:21:21.378" level="INFO">${pa_name} = Test</msg>
<status status="PASS" starttime="20190601 12:21:21.378" endtime="20190601 12:21:21.378"></status>
</kw>
<kw name="Set Variable" library="BuiltIn">
<doc>Returns the given values which can then be assigned to a variables.</doc>
<arguments>
<arg>${BRANDNAME}</arg>
</arguments>
<assign>
<var>${pa_brand}</var>
</assign>
<msg timestamp="20190601 12:21:21.378" level="INFO">${pa_brand} = Test</msg>
<status status="PASS" starttime="20190601 12:21:21.378" endtime="20190601 12:21:21.378"></status>
</kw>
<kw name="Set Variable" library="BuiltIn">
<doc>Returns the given values which can then be assigned to a variables.</doc>
<arguments>
<arg>${PRODSKU}</arg>
</arguments>
<assign>
<var>${pa_sku}</var>
</assign>
<msg timestamp="20190601 12:21:21.379" level="INFO">${pa_sku} = 1234</msg>
<status status="PASS" starttime="20190601 12:21:21.378" endtime="20190601 12:21:21.379"></status>
</kw>
<kw name="Set Variable" library="BuiltIn">
<doc>Returns the given values which can then be assigned to a variables.</doc>
<arguments>
<arg>${HSCODE}</arg>
</arguments>
<assign>
<var>${pa_hscode}</var>
</assign>
<msg timestamp="20190601 12:21:21.379" level="INFO">${pa_hscode} = 4321</msg>
<status status="PASS" starttime="20190601 12:21:21.379" endtime="20190601 12:21:21.379"></status>
</kw>
<kw name="Set Variable" library="BuiltIn">
<doc>Returns the given values which can then be assigned to a variables.</doc>
<arguments>
<arg>${MAXORDER}</arg>
</arguments>
<assign>
<var>${pa_max_o}</var>
</assign>
<msg timestamp="20190601 12:21:21.379" level="INFO">${pa_max_o} = 5</msg>
<status status="PASS" starttime="20190601 12:21:21.379" endtime="20190601 12:21:21.379"></status>
</kw>
<kw name="Set Variable" library="BuiltIn">
<doc>Returns the given values which can then be assigned to a variables.</doc>
<arguments>
<arg>${MINORDER}</arg>
</arguments>
<assign>
<var>${pa_min_o}</var>
</assign>
<msg timestamp="20190601 12:21:21.379" level="INFO">${pa_min_o} = 10</msg>
<status status="PASS" starttime="20190601 12:21:21.379" endtime="20190601 12:21:21.379"></status>
</kw>
<kw name="Set Variable" library="BuiltIn">
<doc>Returns the given values which can then be assigned to a variables.</doc>
<arguments>
<arg>${SPOIL}</arg>
</arguments>
<assign>
<var>${pa_spoil}</var>
</assign>
<msg timestamp="20190601 12:21:21.380" level="INFO">${pa_spoil} = 3</msg>
<status status="PASS" starttime="20190601 12:21:21.380" endtime="20190601 12:21:21.380"></status>
</kw>
<kw name="Set Window Size" library="SeleniumLibrary">
<doc>Sets current windows size to given ``width`` and ``height``.</doc>
<arguments>
<arg>1366</arg>
<arg>800</arg>
</arguments>
<status status="PASS" starttime="20190601 12:21:21.380" endtime="20190601 12:21:21.484"></status>
</kw>
<kw name="Click Element" library="SeleniumLibrary">
<doc>Click element identified by ``locator``.</doc>
<arguments>
<arg>${AddNewButton}</arg>
</arguments>
<msg timestamp="20190601 12:21:21.484" level="INFO">Clicking element '//div[@class='add-new-box']//div'.</msg>
<status status="PASS" starttime="20190601 12:21:21.484" endtime="20190601 12:21:21.531"></status>
</kw>
<kw name="Wait Until Element Is Visible" library="SeleniumLibrary">
<doc>Waits until element ``locator`` is visible.</doc>
<arguments>
<arg>${AddNewProductHeader}</arg>
</arguments>
<status status="PASS" starttime="20190601 12:21:21.532" endtime="20190601 12:21:23.035"></status>
</kw>
<kw name="Log To Console" library="BuiltIn">
<doc>Logs the given message to the console.</doc>
<arguments>
<arg>Enter Product Type</arg>
</arguments>
<status status="PASS" starttime="20190601 12:21:23.035" endtime="20190601 12:21:23.036"></status>
</kw>
<kw name="Input Text" library="SeleniumLibrary">
<doc>Types the given ``text`` into text field identified by ``locator``.</doc>
<arguments>
<arg>${ProductNameField}</arg>
<arg>${pa_name}</arg>
</arguments>
<msg timestamp="20190601 12:21:23.036" level="INFO">Typing text 'Test' into text field '//input[@placeholder='Product Name...*']'.</msg>
<status status="PASS" starttime="20190601 12:21:23.036" endtime="20190601 12:21:23.139"></status>
</kw>
<kw name="Input Text" library="SeleniumLibrary">
<doc>Types the given ``text`` into text field identified by ``locator``.</doc>
<arguments>
<arg>${BrandNameField}</arg>
<arg>${pa_brand}</arg>
</arguments>
<msg timestamp="20190601 12:21:23.140" level="INFO">Typing text 'Test' into text field '//input[contains(@placeholder,'Brand Name')]'.</msg>
<status status="PASS" starttime="20190601 12:21:23.139" endtime="20190601 12:21:23.260"></status>
</kw>
<kw name="Click Element" library="SeleniumLibrary">
<doc>Click element identified by ``locator``.</doc>
<arguments>
<arg>${SeaLifeCatDrop}</arg>
</arguments>
<msg timestamp="20190601 12:21:23.260" level="INFO">Clicking element '//select[@id='cat']'.</msg>
<status status="PASS" starttime="20190601 12:21:23.260" endtime="20190601 12:21:23.344"></status>
</kw>
<kw name="Sleep" library="BuiltIn">
<doc>Pauses the test executed for the given time.</doc>
<arguments>
<arg>1</arg>
</arguments>
<msg timestamp="20190601 12:21:24.347" level="INFO">Slept 1 second</msg>
<status status="PASS" starttime="20190601 12:21:23.344" endtime="20190601 12:21:24.347"></status>
</kw>
<kw name="Click Element" library="SeleniumLibrary">
<doc>Click element identified by ``locator``.</doc>
<arguments>
<arg>${SeaLifeCatSelection}</arg>
</arguments>
<msg timestamp="20190601 12:21:24.347" level="INFO">Clicking element '//option[contains(text(),'Fish')]'.</msg>
<status status="PASS" starttime="20190601 12:21:24.347" endtime="20190601 12:21:24.428"></status>
</kw>
<kw name="Sleep" library="BuiltIn">
<doc>Pauses the test executed for the given time.</doc>
<arguments>
<arg>1</arg>
</arguments>
<msg timestamp="20190601 12:21:25.428" level="INFO">Slept 1 second</msg>
<status status="PASS" starttime="20190601 12:21:24.428" endtime="20190601 12:21:25.429"></status>
</kw>
<kw name="Click Element" library="SeleniumLibrary">
<doc>Click element identified by ``locator``.</doc>
<arguments>
<arg>${SeaLifeCatDrop}</arg>
</arguments>
<msg timestamp="20190601 12:21:25.429" level="INFO">Clicking element '//select[@id='cat']'.</msg>
<status status="PASS" starttime="20190601 12:21:25.429" endtime="20190601 12:21:25.481"></status>
</kw>
<kw name="Click Element" library="SeleniumLibrary">
<doc>Click element identified by ``locator``.</doc>
<arguments>
<arg>${SeaLifeCatSelection}</arg>
</arguments>
<msg timestamp="20190601 12:21:25.482" level="INFO">Clicking element '//option[contains(text(),'Fish')]'.</msg>
<status status="PASS" starttime="20190601 12:21:25.482" endtime="20190601 12:21:25.502"></status>
</kw>
<kw name="Sleep" library="BuiltIn">
<doc>Pauses the test executed for the given time.</doc>
<arguments>
<arg>1</arg>
</arguments>
<msg timestamp="20190601 12:21:26.505" level="INFO">Slept 1 second</msg>
<status status="PASS" starttime="20190601 12:21:25.503" endtime="20190601 12:21:26.505"></status>
</kw>
<kw name="Click Element" library="SeleniumLibrary">
<doc>Click element identified by ``locator``.</doc>
<arguments>
<arg>${SeaLifeSpeciesDrop}</arg>
</arguments>
<msg timestamp="20190601 12:21:26.506" level="INFO">Clicking element '//select[@id='specie']'.</msg>
<status status="PASS" starttime="20190601 12:21:26.505" endtime="20190601 12:21:26.813"></status>
</kw>
<kw name="Sleep" library="BuiltIn">
<doc>Pauses the test executed for the given time.</doc>
<arguments>
<arg>1</arg>
</arguments>
<msg timestamp="20190601 12:21:27.814" level="INFO">Slept 1 second</msg>
<status status="PASS" starttime="20190601 12:21:26.814" endtime="20190601 12:21:27.814"></status>
</kw>
<kw name="Click Element" library="SeleniumLibrary">
<doc>Click element identified by ``locator``.</doc>
<arguments>
<arg>${SeaLifeSpeciesSelection}</arg>
</arguments>
<msg timestamp="20190601 12:21:27.815" level="INFO">Clicking element '//option[contains(text(),'Salmon')]'.</msg>
<status status="PASS" starttime="20190601 12:21:27.815" endtime="20190601 12:21:28.103"></status>
</kw>
<kw name="Sleep" library="BuiltIn">
<doc>Pauses the test executed for the given time.</doc>
<arguments>
<arg>1</arg>
</arguments>
<msg timestamp="20190601 12:21:29.105" level="INFO">Slept 1 second</msg>
<status status="PASS" starttime="20190601 12:21:28.103" endtime="20190601 12:21:29.105"></status>
</kw>
<kw name="Click Element" library="SeleniumLibrary">
<doc>Click element identified by ``locator``.</doc>
<arguments>
<arg>${SeaLifeSubSpeciesDrop}</arg>
</arguments>
<msg timestamp="20190601 12:21:29.106" level="INFO">Clicking element '//select[@id='subspecie']'.</msg>
<status status="PASS" starttime="20190601 12:21:29.105" endtime="20190601 12:21:29.175"></status>
</kw>
<kw name="Sleep" library="BuiltIn">
<doc>Pauses the test executed for the given time.</doc>
<arguments>
<arg>1</arg>
</arguments>
<msg timestamp="20190601 12:21:30.176" level="INFO">Slept 1 second</msg>
<status status="PASS" starttime="20190601 12:21:29.176" endtime="20190601 12:21:30.177"></status>
</kw>
<kw name="Click Element" library="SeleniumLibrary">
<doc>Click element identified by ``locator``.</doc>
<arguments>
<arg>${SeaLifeSubSpeciesSelection}</arg>
</arguments>
<msg timestamp="20190601 12:21:30.177" level="INFO">Clicking element '//option[contains(text(),'Pacific Salmon')]'.</msg>
<status status="PASS" starttime="20190601 12:21:30.177" endtime="20190601 12:21:30.456"></status>
</kw>
<kw name="Sleep" library="BuiltIn">
<doc>Pauses the test executed for the given time.</doc>
<arguments>
<arg>1</arg>
</arguments>
<msg timestamp="20190601 12:21:31.458" level="INFO">Slept 1 second</msg>
<status status="PASS" starttime="20190601 12:21:30.456" endtime="20190601 12:21:31.458"></status>
</kw>
<kw name="Click Element" library="SeleniumLibrary">
<doc>Click element identified by ``locator``.</doc>
<arguments>
<arg>${SeaLifeSubSpeciesVarDrop}</arg>
</arguments>
<msg timestamp="20190601 12:21:31.459" level="INFO">Clicking element '//select[@id='variant']'.</msg>
<status status="PASS" starttime="20190601 12:21:31.458" endtime="20190601 12:21:31.531"></status>
</kw>
<kw name="Sleep" library="BuiltIn">
<doc>Pauses the test executed for the given time.</doc>
<arguments>
<arg>1</arg>
</arguments>
<msg timestamp="20190601 12:21:32.534" level="INFO">Slept 1 second</msg>
<status status="PASS" starttime="20190601 12:21:31.531" endtime="20190601 12:21:32.534"></status>
</kw>
<kw name="Click Element" library="SeleniumLibrary">
<doc>Click element identified by ``locator``.</doc>
<arguments>
<arg>${SeaLifeSubSpeciesVarSelection}</arg>
</arguments>
<msg timestamp="20190601 12:21:32.535" level="INFO">Clicking element '//option[contains(text(),'Coho')]'.</msg>
<status status="PASS" starttime="20190601 12:21:32.534" endtime="20190601 12:21:32.819"></status>
</kw>
<kw name="Log To Console" library="BuiltIn">
<doc>Logs the given message to the console.</doc>
<arguments>
<arg>Enter Product Features</arg>
</arguments>
<status status="PASS" starttime="20190601 12:21:32.819" endtime="20190601 12:21:32.820"></status>
</kw>
<kw name="Click Element" library="SeleniumLibrary">
<doc>Click element identified by ``locator``.</doc>
<arguments>
<arg>${RaisedDrop}</arg>
</arguments>
<msg timestamp="20190601 12:21:32.820" level="INFO">Clicking element '//select[@id='raised']'.</msg>
<status status="PASS" starttime="20190601 12:21:32.820" endtime="20190601 12:21:32.893"></status>
</kw>
<kw name="Click Element" library="SeleniumLibrary">
<doc>Click element identified by ``locator``.</doc>
<arguments>
<arg>${RaisedSelection}</arg>
</arguments>
<msg timestamp="20190601 12:21:32.893" level="INFO">Clicking element '//option[contains(text(),'Organically Farmed')]'.</msg>
<status status="PASS" starttime="20190601 12:21:32.893" endtime="20190601 12:21:32.933"></status>
</kw>
<kw name="Click Element" library="SeleniumLibrary">
<doc>Click element identified by ``locator``.</doc>
<arguments>
<arg>${TreatmentDrop}</arg>
</arguments>
<msg timestamp="20190601 12:21:32.933" level="INFO">Clicking element '//select[@id='treatment']'.</msg>
<status status="PASS" starttime="20190601 12:21:32.933" endtime="20190601 12:21:33.231"></status>
</kw>
<kw name="Click Element" library="SeleniumLibrary">
<doc>Click element identified by ``locator``.</doc>
<arguments>
<arg>${TreatmentSelection}</arg>
</arguments>
<msg timestamp="20190601 12:21:33.232" level="INFO">Clicking element '//option[contains(text(),'Fresh')]'.</msg>
<status status="PASS" starttime="20190601 12:21:33.232" endtime="20190601 12:21:33.270"></status>
</kw>
<kw name="Log To Console" library="BuiltIn">
<doc>Logs the given message to the console.</doc>
<arguments>
<arg>Add Product Images</arg>
</arguments>
<status status="PASS" starttime="20190601 12:21:33.270" endtime="20190601 12:21:33.270"></status>
</kw>
<kw name="Scroll Element Into View" library="SeleniumLibrary">
<doc>Scrolls an element identified by ``locator`` into view.</doc>
<arguments>
<arg>${ProductDetailsHeader}</arg>
</arguments>
<status status="PASS" starttime="20190601 12:21:33.270" endtime="20190601 12:21:33.293"></status>
</kw>
<kw name="Click Element" library="SeleniumLibrary">
<doc>Click element identified by ``locator``.</doc>
<arguments>
<arg>${UploadImage}</arg>
</arguments>
<msg timestamp="20190601 12:21:33.294" level="INFO">Clicking element '//label[contains(text(),'Upload Gallery Images...*')]'.</msg>
<status status="PASS" starttime="20190601 12:21:33.293" endtime="20190601 12:21:33.583"></status>
</kw>
<kw name="Capture Page Screenshot" library="SeleniumLibrary">
<doc>Takes screenshot of the current page and embeds it into log file.</doc>
<msg timestamp="20190601 12:21:35.908" level="INFO" html="yes">&lt;/td&gt;&lt;/tr&gt;&lt;tr&gt;&lt;td colspan="3"&gt;&lt;a href="selenium-screenshot-78.png"&gt;&lt;img src="selenium-screenshot-78.png" width="800px"&gt;&lt;/a&gt;</msg>
<status status="PASS" starttime="20190601 12:21:33.584" endtime="20190601 12:21:35.908"></status>
</kw>
<kw name="Sleep" library="BuiltIn">
<doc>Pauses the test executed for the given time.</doc>
<arguments>
<arg>4</arg>
</arguments>
<msg timestamp="20190601 12:21:39.910" level="INFO">Slept 4 seconds</msg>
<status status="PASS" starttime="20190601 12:21:35.908" endtime="20190601 12:21:39.910"></status>
</kw>
<kw name="Choose File" library="SeleniumLibrary">
<doc>Inputs the ``file_path`` into file input field ``locator``.</doc>
<arguments>
<arg>${UploadProductImage}</arg>
<arg>${ImageOne}</arg>
</arguments>
<status status="PASS" starttime="20190601 12:21:39.910" endtime="20190601 12:21:39.966"></status>
</kw>
<kw name="Sleep" library="BuiltIn">
<doc>Pauses the test executed for the given time.</doc>
<arguments>
<arg>3</arg>
</arguments>
<msg timestamp="20190601 12:21:42.969" level="INFO">Slept 3 seconds</msg>
<status status="PASS" starttime="20190601 12:21:39.966" endtime="20190601 12:21:42.969"></status>
</kw>
<kw name="Capture Page Screenshot" library="SeleniumLibrary">
<doc>Takes screenshot of the current page and embeds it into log file.</doc>
<msg timestamp="20190601 12:21:43.386" level="INFO" html="yes">&lt;/td&gt;&lt;/tr&gt;&lt;tr&gt;&lt;td colspan="3"&gt;&lt;a href="selenium-screenshot-79.png"&gt;&lt;img src="selenium-screenshot-79.png" width="800px"&gt;&lt;/a&gt;</msg>
<status status="PASS" starttime="20190601 12:21:42.969" endtime="20190601 12:21:43.387"></status>
</kw>
<kw name="Wait Until Element Is Visible" library="SeleniumLibrary">
<doc>Waits until element ``locator`` is visible.</doc>
<arguments>
<arg>${ImageOneUpload}</arg>
</arguments>
<status status="PASS" starttime="20190601 12:21:43.387" endtime="20190601 12:21:43.408"></status>
</kw>
<kw name="Sleep" library="BuiltIn">
<doc>Pauses the test executed for the given time.</doc>
<arguments>
<arg>2</arg>
</arguments>
<msg timestamp="20190601 12:21:45.409" level="INFO">Slept 2 seconds</msg>
<status status="PASS" starttime="20190601 12:21:43.408" endtime="20190601 12:21:45.409"></status>
</kw>
<kw name="Log To Console" library="BuiltIn">
<doc>Logs the given message to the console.</doc>
<arguments>
<arg>Enter Product Details</arg>
</arguments>
<status status="PASS" starttime="20190601 12:21:45.409" endtime="20190601 12:21:45.410"></status>
</kw>
<kw name="Scroll Element Into View" library="SeleniumLibrary">
<doc>Scrolls an element identified by ``locator`` into view.</doc>
<arguments>
<arg>${ProductPriceHeader}</arg>
</arguments>
<status status="PASS" starttime="20190601 12:21:45.410" endtime="20190601 12:21:45.436"></status>
</kw>
<kw name="Click Element" library="SeleniumLibrary">
<doc>Click element identified by ``locator``.</doc>
<arguments>
<arg>${CountryOriginDrop}</arg>
</arguments>
<msg timestamp="20190601 12:21:45.437" level="INFO">Clicking element '//select[@id='country']'.</msg>
<status status="PASS" starttime="20190601 12:21:45.437" endtime="20190601 12:21:45.549"></status>
</kw>
<kw name="Sleep" library="BuiltIn">
<doc>Pauses the test executed for the given time.</doc>
<arguments>
<arg>2</arg>
</arguments>
<msg timestamp="20190601 12:21:47.551" level="INFO">Slept 2 seconds</msg>
<status status="PASS" starttime="20190601 12:21:45.550" endtime="20190601 12:21:47.551"></status>
</kw>
<kw name="Capture Page Screenshot" library="SeleniumLibrary">
<doc>Takes screenshot of the current page and embeds it into log file.</doc>
<msg timestamp="20190601 12:21:47.978" level="INFO" html="yes">&lt;/td&gt;&lt;/tr&gt;&lt;tr&gt;&lt;td colspan="3"&gt;&lt;a href="selenium-screenshot-80.png"&gt;&lt;img src="selenium-screenshot-80.png" width="800px"&gt;&lt;/a&gt;</msg>
<status status="PASS" starttime="20190601 12:21:47.551" endtime="20190601 12:21:47.978"></status>
</kw>
<kw name="Click Element" library="SeleniumLibrary">
<doc>Click element identified by ``locator``.</doc>
<arguments>
<arg>${CountryOriginSelection}</arg>
</arguments>
<msg timestamp="20190601 12:21:47.979" level="INFO">Clicking element '//select[@id='country']//option[contains(text(),'Afghanistan')]'.</msg>
<status status="PASS" starttime="20190601 12:21:47.978" endtime="20190601 12:21:48.021"></status>
</kw>
<kw name="Click Element" library="SeleniumLibrary">
<doc>Click element identified by ``locator``.</doc>
<arguments>
<arg>${ProcessingCountryDrop}</arg>
</arguments>
<msg timestamp="20190601 12:21:48.021" level="INFO">Clicking element '//select[@id='processing']'.</msg>
<status status="PASS" starttime="20190601 12:21:48.021" endtime="20190601 12:21:48.401"></status>
</kw>
<kw name="Click Element" library="SeleniumLibrary">
<doc>Click element identified by ``locator``.</doc>
<arguments>
<arg>${ProcessingCountrySelection}</arg>
</arguments>
<msg timestamp="20190601 12:21:48.402" level="INFO">Clicking element '//select[@id='processing']//option[contains(text(),'Nicaragua')]'.</msg>
<status status="PASS" starttime="20190601 12:21:48.402" endtime="20190601 12:21:48.452"></status>
</kw>
<kw name="Click Element" library="SeleniumLibrary">
<doc>Click element identified by ``locator``.</doc>
<arguments>
<arg>${PortLoadingDrop}</arg>
</arguments>
<msg timestamp="20190601 12:21:48.453" level="INFO">Clicking element '//select[@id='city']'.</msg>
<status status="PASS" starttime="20190601 12:21:48.452" endtime="20190601 12:21:48.795"></status>
</kw>
<kw name="Click Element" library="SeleniumLibrary">
<doc>Click element identified by ``locator``.</doc>
<arguments>
<arg>${PortLoadingSelection}</arg>
</arguments>
<msg timestamp="20190601 12:21:48.796" level="INFO">Clicking element '//option[contains(text(),'Test Afghanistan')]'.</msg>
<status status="PASS" starttime="20190601 12:21:48.795" endtime="20190601 12:21:48.851"></status>
</kw>
<kw name="Click Element" library="SeleniumLibrary">
<doc>Click element identified by ``locator``.</doc>
<arguments>
<arg>${CoHsCodeLookup}</arg>
</arguments>
<msg timestamp="20190601 12:21:48.851" level="INFO">Clicking element '//a[contains(.,'Find Code')]'.</msg>
<status status="PASS" starttime="20190601 12:21:48.851" endtime="20190601 12:21:49.166"></status>
</kw>
<kw name="Log To Console" library="BuiltIn">
<doc>Logs the given message to the console.</doc>
<arguments>
<arg>Enter Product Pricing</arg>
</arguments>
<status status="PASS" starttime="20190601 12:21:49.167" endtime="20190601 12:21:49.167"></status>
</kw>
<kw name="Scroll Element Into View" library="SeleniumLibrary">
<doc>Scrolls an element identified by ``locator`` into view.</doc>
<arguments>
<arg>//span[contains(.,'Head Off Gutted')]</arg>
</arguments>
<status status="PASS" starttime="20190601 12:21:49.167" endtime="20190601 12:21:49.191"></status>
</kw>
<kw name="Click Element" library="SeleniumLibrary">
<doc>Click element identified by ``locator``.</doc>
<arguments>
<arg>${UnitOfSaleDrop}</arg>
</arguments>
<msg timestamp="20190601 12:21:49.192" level="INFO">Clicking element '//select[@id='unitsale']'.</msg>
<status status="PASS" starttime="20190601 12:21:49.191" endtime="20190601 12:21:49.260"></status>
</kw>
<kw name="Click Element" library="SeleniumLibrary">
<doc>Click element identified by ``locator``.</doc>
<arguments>
<arg>${UnitOfSaleSelectionKg}</arg>
</arguments>
<msg timestamp="20190601 12:21:49.260" level="INFO">Clicking element '//option[contains(text(),'Kg')]'.</msg>
<status status="PASS" starttime="20190601 12:21:49.260" endtime="20190601 12:21:49.562"></status>
</kw>
<kw name="Input Text" library="SeleniumLibrary">
<doc>Types the given ``text`` into text field identified by ``locator``.</doc>
<arguments>
<arg>${MinOrderField}</arg>
<arg>${pa_min_o}</arg>
</arguments>
<msg timestamp="20190601 12:21:49.563" level="INFO">Typing text '10' into text field '//input[@id='min']'.</msg>
<status status="PASS" starttime="20190601 12:21:49.562" endtime="20190601 12:21:49.929"></status>
</kw>
<kw name="Input Text" library="SeleniumLibrary">
<doc>Types the given ``text`` into text field identified by ``locator``.</doc>
<arguments>
<arg>${MaxOrderField}</arg>
<arg>${pa_max_o}</arg>
</arguments>
<msg timestamp="20190601 12:21:49.930" level="INFO">Typing text '5' into text field '//input[@id='max']'.</msg>
<status status="PASS" starttime="20190601 12:21:49.930" endtime="20190601 12:21:50.023"></status>
</kw>
<kw name="Click Element" library="SeleniumLibrary">
<doc>Click element identified by ``locator``.</doc>
<arguments>
<arg>${AdvancedPriceCheckbox}</arg>
</arguments>
<msg timestamp="20190601 12:21:50.024" level="INFO">Clicking element '//label[contains(.,'6-7 KG')]'.</msg>
<status status="PASS" starttime="20190601 12:21:50.023" endtime="20190601 12:21:50.149"></status>
</kw>
<kw name="Input Text" library="SeleniumLibrary">
<doc>Types the given ``text`` into text field identified by ``locator``.</doc>
<arguments>
<arg>${PriceField}</arg>
<arg>65</arg>
</arguments>
<msg timestamp="20190601 12:21:50.150" level="INFO">Typing text '65' into text field '//input[@ng-reflect-name='0']'.</msg>
<status status="PASS" starttime="20190601 12:21:50.149" endtime="20190601 12:21:50.294"></status>
</kw>
<kw name="Sleep" library="BuiltIn">
<doc>Pauses the test executed for the given time.</doc>
<arguments>
<arg>2</arg>
</arguments>
<msg timestamp="20190601 12:21:52.297" level="INFO">Slept 2 seconds</msg>
<status status="PASS" starttime="20190601 12:21:50.294" endtime="20190601 12:21:52.297"></status>
</kw>
<kw name="Click Element" library="SeleniumLibrary">
<doc>Click element identified by ``locator``.</doc>
<arguments>
<arg>${SubmitButton}</arg>
</arguments>
<msg timestamp="20190601 12:21:52.298" level="INFO">Clicking element '//button[contains(.,'submit product')]'.</msg>
<status status="PASS" starttime="20190601 12:21:52.297" endtime="20190601 12:21:52.369"></status>
</kw>
<kw name="Sleep" library="BuiltIn">
<doc>Pauses the test executed for the given time.</doc>
<arguments>
<arg>8</arg>
</arguments>
<msg timestamp="20190601 12:22:00.370" level="INFO">Slept 8 seconds</msg>
<status status="PASS" starttime="20190601 12:21:52.370" endtime="20190601 12:22:00.370"></status>
</kw>
<kw name="Capture Page Screenshot" library="SeleniumLibrary">
<doc>Takes screenshot of the current page and embeds it into log file.</doc>
<msg timestamp="20190601 12:22:00.836" level="INFO" html="yes">&lt;/td&gt;&lt;/tr&gt;&lt;tr&gt;&lt;td colspan="3"&gt;&lt;a href="selenium-screenshot-81.png"&gt;&lt;img src="selenium-screenshot-81.png" width="800px"&gt;&lt;/a&gt;</msg>
<status status="PASS" starttime="20190601 12:22:00.371" endtime="20190601 12:22:00.836"></status>
</kw>
<status status="PASS" starttime="20190601 12:21:21.377" endtime="20190601 12:22:00.836"></status>
</kw>
<kw name="End Web Test" library="Common" type="teardown">
<kw name="Close Browser" library="SeleniumLibrary">
<doc>Closes the current browser.</doc>
<status status="PASS" starttime="20190601 12:22:00.836" endtime="20190601 12:22:00.949"></status>
</kw>
<status status="PASS" starttime="20190601 12:22:00.836" endtime="20190601 12:22:00.950"></status>
</kw>
<status status="PASS" starttime="20190601 12:21:00.381" endtime="20190601 12:22:00.950" critical="yes"></status>
</test>
<doc>Seafood Souq Smoke Test</doc>
<status status="PASS" starttime="20190601 12:20:59.982" endtime="20190601 12:22:00.952"></status>
</suite>
<statistics>
<total>
<stat pass="1" fail="0">Critical Tests</stat>
<stat pass="1" fail="0">All Tests</stat>
</total>
<tag>
</tag>
<suite>
<stat pass="1" fail="0" id="s1" name="Launch">Launch</stat>
</suite>
</statistics>
<errors>
</errors>
</robot>
