<?xml version="1.0" encoding="UTF-8"?>
<robot generator="Robot 3.0.4 (Python 3.6.4 on darwin)" generated="20190516 14:53:41.996">
<suite id="s1" name="Launch" source="/Users/ronharley/AutomatedTests/SSouq/Central/Launch.robot">
<test id="s1-t1" name="Seller Registration">
<kw name="Begin Web Test" library="Common" type="setup">
<kw name="Open Browser" library="SeleniumLibrary">
<doc>Opens a new browser instance to the given ``url``.</doc>
<arguments>
<arg>about:blank</arg>
<arg>${BROWSER}</arg>
</arguments>
<msg timestamp="20190516 14:53:42.261" level="INFO">Opening browser 'chrome' to base url 'about:blank'.</msg>
<status status="PASS" starttime="20190516 14:53:42.261" endtime="20190516 14:53:44.132"></status>
</kw>
<status status="PASS" starttime="20190516 14:53:42.261" endtime="20190516 14:53:44.132"></status>
</kw>
<kw name="Log To Console" library="BuiltIn">
<doc>Logs the given message to the console.</doc>
<arguments>
<arg>Sell</arg>
</arguments>
<status status="PASS" starttime="20190516 14:53:44.133" endtime="20190516 14:53:44.133"></status>
</kw>
<kw name="Navigate_To_Page" library="SSouqSmoke">
<tags>
<tag>Go to Seafood Souq url</tag>
</tags>
<arguments>
<arg>https://qa.seafoodsouq.com</arg>
</arguments>
<kw name="Set Variable" library="BuiltIn">
<doc>Returns the given values which can then be assigned to a variables.</doc>
<arguments>
<arg>${SFSURL}</arg>
</arguments>
<assign>
<var>${sfstesturl}</var>
</assign>
<msg timestamp="20190516 14:53:44.135" level="INFO">${sfstesturl} = https://qa.seafoodsouq.com</msg>
<status status="PASS" starttime="20190516 14:53:44.134" endtime="20190516 14:53:44.135"></status>
</kw>
<kw name="Log To Console" library="BuiltIn">
<doc>Logs the given message to the console.</doc>
<arguments>
<arg>Navigating to Seafood Souq</arg>
</arguments>
<status status="PASS" starttime="20190516 14:53:44.135" endtime="20190516 14:53:44.135"></status>
</kw>
<kw name="Go To" library="SeleniumLibrary">
<doc>Navigates the active browser instance to the provided ``url``.</doc>
<arguments>
<arg>${sfstesturl}</arg>
</arguments>
<msg timestamp="20190516 14:53:44.135" level="INFO">Opening url 'https://qa.seafoodsouq.com'</msg>
<status status="PASS" starttime="20190516 14:53:44.135" endtime="20190516 14:53:51.172"></status>
</kw>
<kw name="Maximize Browser Window" library="SeleniumLibrary">
<doc>Maximizes current browser window.</doc>
<status status="PASS" starttime="20190516 14:53:51.172" endtime="20190516 14:53:51.387"></status>
</kw>
<status status="PASS" starttime="20190516 14:53:44.134" endtime="20190516 14:53:51.387"></status>
</kw>
<kw name="Seller Registration" library="SSouqSmoke">
<tags>
<tag>Seller Registration</tag>
</tags>
<arguments>
<arg>Hello</arg>
<arg>World</arg>
<arg>SellerRonH@seafoodsouq.com</arg>
<arg>(201) 555-1212</arg>
<arg>Test1234</arg>
<arg>Test1234</arg>
<arg>Seller Test Co</arg>
<arg>4</arg>
<arg>RonTest</arg>
<arg>Brooklyn</arg>
<arg>101 Jefferson Ave</arg>
<arg>Salmon, Cod, Sardines</arg>
<arg>212</arg>
<arg>1234</arg>
<arg>12342</arg>
<arg>12</arg>
</arguments>
<kw name="Set Variable" library="BuiltIn">
<doc>Returns the given values which can then be assigned to a variables.</doc>
<arguments>
<arg>${SELLFIRST}</arg>
</arguments>
<assign>
<var>${sellerfirstn}</var>
</assign>
<msg timestamp="20190516 14:53:51.388" level="INFO">${sellerfirstn} = Hello</msg>
<status status="PASS" starttime="20190516 14:53:51.388" endtime="20190516 14:53:51.388"></status>
</kw>
<kw name="Set Variable" library="BuiltIn">
<doc>Returns the given values which can then be assigned to a variables.</doc>
<arguments>
<arg>${SELLLAST}</arg>
</arguments>
<assign>
<var>${sellerlastn}</var>
</assign>
<msg timestamp="20190516 14:53:51.389" level="INFO">${sellerlastn} = World</msg>
<status status="PASS" starttime="20190516 14:53:51.388" endtime="20190516 14:53:51.389"></status>
</kw>
<kw name="Set Variable" library="BuiltIn">
<doc>Returns the given values which can then be assigned to a variables.</doc>
<arguments>
<arg>${SELLEMAIL}</arg>
</arguments>
<assign>
<var>${selleremailentry}</var>
</assign>
<msg timestamp="20190516 14:53:51.389" level="INFO">${selleremailentry} = SellerRonH@seafoodsouq.com</msg>
<status status="PASS" starttime="20190516 14:53:51.389" endtime="20190516 14:53:51.389"></status>
</kw>
<kw name="Set Variable" library="BuiltIn">
<doc>Returns the given values which can then be assigned to a variables.</doc>
<arguments>
<arg>${SELLMOBILE}</arg>
</arguments>
<assign>
<var>${sellerphone}</var>
</assign>
<msg timestamp="20190516 14:53:51.389" level="INFO">${sellerphone} = (201) 555-1212</msg>
<status status="PASS" starttime="20190516 14:53:51.389" endtime="20190516 14:53:51.389"></status>
</kw>
<kw name="Set Variable" library="BuiltIn">
<doc>Returns the given values which can then be assigned to a variables.</doc>
<arguments>
<arg>${SELLPW}</arg>
</arguments>
<assign>
<var>${sellerpwentry}</var>
</assign>
<msg timestamp="20190516 14:53:51.390" level="INFO">${sellerpwentry} = Test1234</msg>
<status status="PASS" starttime="20190516 14:53:51.390" endtime="20190516 14:53:51.390"></status>
</kw>
<kw name="Set Variable" library="BuiltIn">
<doc>Returns the given values which can then be assigned to a variables.</doc>
<arguments>
<arg>${SELLPWCONFIRM}</arg>
</arguments>
<assign>
<var>${sellerpwconvirmentry}</var>
</assign>
<msg timestamp="20190516 14:53:51.390" level="INFO">${sellerpwconvirmentry} = Test1234</msg>
<status status="PASS" starttime="20190516 14:53:51.390" endtime="20190516 14:53:51.390"></status>
</kw>
<kw name="Set Variable" library="BuiltIn">
<doc>Returns the given values which can then be assigned to a variables.</doc>
<arguments>
<arg>${SELLCONAME}</arg>
</arguments>
<assign>
<var>${sellerconameentry}</var>
</assign>
<msg timestamp="20190516 14:53:51.390" level="INFO">${sellerconameentry} = Seller Test Co</msg>
<status status="PASS" starttime="20190516 14:53:51.390" endtime="20190516 14:53:51.390"></status>
</kw>
<kw name="Set Variable" library="BuiltIn">
<doc>Returns the given values which can then be assigned to a variables.</doc>
<arguments>
<arg>${SELLCONTACTN}</arg>
</arguments>
<assign>
<var>${sellercontactnum}</var>
</assign>
<msg timestamp="20190516 14:53:51.391" level="INFO">${sellercontactnum} = 4</msg>
<status status="PASS" starttime="20190516 14:53:51.391" endtime="20190516 14:53:51.391"></status>
</kw>
<kw name="Set Variable" library="BuiltIn">
<doc>Returns the given values which can then be assigned to a variables.</doc>
<arguments>
<arg>${SELLTRADEB}</arg>
</arguments>
<assign>
<var>${sellertradebrand}</var>
</assign>
<msg timestamp="20190516 14:53:51.391" level="INFO">${sellertradebrand} = RonTest</msg>
<status status="PASS" starttime="20190516 14:53:51.391" endtime="20190516 14:53:51.391"></status>
</kw>
<kw name="Set Variable" library="BuiltIn">
<doc>Returns the given values which can then be assigned to a variables.</doc>
<arguments>
<arg>${SELLCTY}</arg>
</arguments>
<assign>
<var>${sellercityentry}</var>
</assign>
<msg timestamp="20190516 14:53:51.391" level="INFO">${sellercityentry} = Brooklyn</msg>
<status status="PASS" starttime="20190516 14:53:51.391" endtime="20190516 14:53:51.391"></status>
</kw>
<kw name="Set Variable" library="BuiltIn">
<doc>Returns the given values which can then be assigned to a variables.</doc>
<arguments>
<arg>${SELLADDY}</arg>
</arguments>
<assign>
<var>${selleraddressentry}</var>
</assign>
<msg timestamp="20190516 14:53:51.392" level="INFO">${selleraddressentry} = 101 Jefferson Ave</msg>
<status status="PASS" starttime="20190516 14:53:51.392" endtime="20190516 14:53:51.392"></status>
</kw>
<kw name="Set Variable" library="BuiltIn">
<doc>Returns the given values which can then be assigned to a variables.</doc>
<arguments>
<arg>${SELLPRODUCTS}</arg>
</arguments>
<assign>
<var>${sellerproductsentry}</var>
</assign>
<msg timestamp="20190516 14:53:51.392" level="INFO">${sellerproductsentry} = Salmon, Cod, Sardines</msg>
<status status="PASS" starttime="20190516 14:53:51.392" endtime="20190516 14:53:51.392"></status>
</kw>
<kw name="Set Variable" library="BuiltIn">
<doc>Returns the given values which can then be assigned to a variables.</doc>
<arguments>
<arg>${SELLLICN}</arg>
</arguments>
<assign>
<var>${sellerlicense}</var>
</assign>
<msg timestamp="20190516 14:53:51.393" level="INFO">${sellerlicense} = 212</msg>
<status status="PASS" starttime="20190516 14:53:51.392" endtime="20190516 14:53:51.393"></status>
</kw>
<kw name="Set Variable" library="BuiltIn">
<doc>Returns the given values which can then be assigned to a variables.</doc>
<arguments>
<arg>${SELLSFT}</arg>
</arguments>
<assign>
<var>${sellersafteynum}</var>
</assign>
<msg timestamp="20190516 14:53:51.393" level="INFO">${sellersafteynum} = 1234</msg>
<status status="PASS" starttime="20190516 14:53:51.393" endtime="20190516 14:53:51.393"></status>
</kw>
<kw name="Set Variable" library="BuiltIn">
<doc>Returns the given values which can then be assigned to a variables.</doc>
<arguments>
<arg>${SELLCBKNUM}</arg>
</arguments>
<assign>
<var>${sellerbanknumber}</var>
</assign>
<msg timestamp="20190516 14:53:51.393" level="INFO">${sellerbanknumber} = 12342</msg>
<status status="PASS" starttime="20190516 14:53:51.393" endtime="20190516 14:53:51.393"></status>
</kw>
<kw name="Set Variable" library="BuiltIn">
<doc>Returns the given values which can then be assigned to a variables.</doc>
<arguments>
<arg>${SELLSWCODE}</arg>
</arguments>
<assign>
<var>${sellerswiftcode}</var>
</assign>
<msg timestamp="20190516 14:53:51.394" level="INFO">${sellerswiftcode} = 12</msg>
<status status="PASS" starttime="20190516 14:53:51.394" endtime="20190516 14:53:51.394"></status>
</kw>
<kw name="Click Element" library="SeleniumLibrary">
<doc>Click element identified by ``locator``.</doc>
<arguments>
<arg>${RegisterHeaderBtn}</arg>
</arguments>
<msg timestamp="20190516 14:53:51.394" level="INFO">Clicking element '(//a[contains(.,'Register')])[2]'.</msg>
<status status="PASS" starttime="20190516 14:53:51.394" endtime="20190516 14:53:51.450"></status>
</kw>
<kw name="Wait Until Element Is Visible" library="SeleniumLibrary">
<doc>Waits until element ``locator`` is visible.</doc>
<arguments>
<arg>${IWantToSellSideHeader}</arg>
</arguments>
<status status="PASS" starttime="20190516 14:53:51.450" endtime="20190516 14:53:54.246"></status>
</kw>
<kw name="Click Element" library="SeleniumLibrary">
<doc>Click element identified by ``locator``.</doc>
<arguments>
<arg>${SellNowBtnSideRail}</arg>
</arguments>
<msg timestamp="20190516 14:53:54.247" level="INFO">Clicking element '//button[contains(.,'SELL NOW')]'.</msg>
<status status="PASS" starttime="20190516 14:53:54.246" endtime="20190516 14:53:54.390"></status>
</kw>
<kw name="Wait Until Element Is Visible" library="SeleniumLibrary">
<doc>Waits until element ``locator`` is visible.</doc>
<arguments>
<arg>${IWantToSellSideHeader}</arg>
</arguments>
<status status="PASS" starttime="20190516 14:53:54.390" endtime="20190516 14:53:54.429"></status>
</kw>
<kw name="Input Text" library="SeleniumLibrary">
<doc>Types the given ``text`` into text field identified by ``locator``.</doc>
<arguments>
<arg>${BuyerFirstName}</arg>
<arg>${sellerfirstn}</arg>
</arguments>
<msg timestamp="20190516 14:53:54.429" level="INFO">Typing text 'Hello' into text field '//input[@placeholder='First Name']'.</msg>
<status status="PASS" starttime="20190516 14:53:54.429" endtime="20190516 14:53:54.567"></status>
</kw>
<kw name="Input Text" library="SeleniumLibrary">
<doc>Types the given ``text`` into text field identified by ``locator``.</doc>
<arguments>
<arg>${BuyerLastName}</arg>
<arg>${sellerlastn}</arg>
</arguments>
<msg timestamp="20190516 14:53:54.568" level="INFO">Typing text 'World' into text field '//input[@placeholder='Last Name']'.</msg>
<status status="PASS" starttime="20190516 14:53:54.567" endtime="20190516 14:53:54.684"></status>
</kw>
<kw name="Input Text" library="SeleniumLibrary">
<doc>Types the given ``text`` into text field identified by ``locator``.</doc>
<arguments>
<arg>${SellerEmail}</arg>
<arg>${selleremailentry}</arg>
</arguments>
<msg timestamp="20190516 14:53:54.684" level="INFO">Typing text 'SellerRonH@seafoodsouq.com' into text field '//input[@placeholder='Email']'.</msg>
<status status="PASS" starttime="20190516 14:53:54.684" endtime="20190516 14:53:54.914"></status>
</kw>
<kw name="Input Text" library="SeleniumLibrary">
<doc>Types the given ``text`` into text field identified by ``locator``.</doc>
<arguments>
<arg>${SellerPhoneNumber}</arg>
<arg>${sellerphone}</arg>
</arguments>
<msg timestamp="20190516 14:53:54.915" level="INFO">Typing text '(201) 555-1212' into text field '//input[@type='tel']'.</msg>
<status status="PASS" starttime="20190516 14:53:54.915" endtime="20190516 14:53:55.078"></status>
</kw>
<kw name="Input Password" library="SeleniumLibrary">
<doc>Types the given password into text field identified by ``locator``.</doc>
<arguments>
<arg>${SellerPW}</arg>
<arg>${sellerpwentry}</arg>
</arguments>
<msg timestamp="20190516 14:53:55.079" level="INFO">Typing password into text field '//input[@placeholder='Password']'.</msg>
<status status="PASS" starttime="20190516 14:53:55.079" endtime="20190516 14:53:55.165"></status>
</kw>
<kw name="Input Password" library="SeleniumLibrary">
<doc>Types the given password into text field identified by ``locator``.</doc>
<arguments>
<arg>${SellerPWConfirm}</arg>
<arg>${sellerpwconvirmentry}</arg>
</arguments>
<msg timestamp="20190516 14:53:55.165" level="INFO">Typing password into text field '//input[@placeholder='Repeat Password']'.</msg>
<status status="PASS" starttime="20190516 14:53:55.165" endtime="20190516 14:53:55.254"></status>
</kw>
<kw name="Input Text" library="SeleniumLibrary">
<doc>Types the given ``text`` into text field identified by ``locator``.</doc>
<arguments>
<arg>${SellerCoName}</arg>
<arg>${sellerconameentry}</arg>
</arguments>
<msg timestamp="20190516 14:53:55.254" level="INFO">Typing text 'Seller Test Co' into text field '//input[@placeholder='Company Name']'.</msg>
<status status="PASS" starttime="20190516 14:53:55.254" endtime="20190516 14:53:55.382"></status>
</kw>
<kw name="Input Text" library="SeleniumLibrary">
<doc>Types the given ``text`` into text field identified by ``locator``.</doc>
<arguments>
<arg>${ContactNumber}</arg>
<arg>${sellercontactnum}</arg>
</arguments>
<msg timestamp="20190516 14:53:55.383" level="INFO">Typing text '4' into text field '//input[@placeholder='Contact Number']'.</msg>
<status status="PASS" starttime="20190516 14:53:55.383" endtime="20190516 14:53:55.455"></status>
</kw>
<kw name="Input Text" library="SeleniumLibrary">
<doc>Types the given ``text`` into text field identified by ``locator``.</doc>
<arguments>
<arg>${TradeBrandName}</arg>
<arg>${sellertradebrand}</arg>
</arguments>
<msg timestamp="20190516 14:53:55.455" level="INFO">Typing text 'RonTest' into text field '//input[@placeholder='Trade / Brand Name']'.</msg>
<status status="PASS" starttime="20190516 14:53:55.455" endtime="20190516 14:53:55.605"></status>
</kw>
<kw name="Click Element" library="SeleniumLibrary">
<doc>Click element identified by ``locator``.</doc>
<arguments>
<arg>${CompanyTypeDrop}</arg>
</arguments>
<msg timestamp="20190516 14:53:55.606" level="INFO">Clicking element '//span[@title='Select an option...']'.</msg>
<status status="PASS" starttime="20190516 14:53:55.605" endtime="20190516 14:53:55.681"></status>
</kw>
<kw name="Click Element" library="SeleniumLibrary">
<doc>Click element identified by ``locator``.</doc>
<arguments>
<arg>${CompanyTypeSelection}</arg>
</arguments>
<msg timestamp="20190516 14:53:55.681" level="INFO">Clicking element '//option[contains(text(),'Producer')]'.</msg>
<status status="PASS" starttime="20190516 14:53:55.681" endtime="20190516 14:53:55.727"></status>
</kw>
<kw name="Click Element" library="SeleniumLibrary">
<doc>Click element identified by ``locator``.</doc>
<arguments>
<arg>${CountryDropDown}</arg>
</arguments>
<msg timestamp="20190516 14:53:55.728" level="INFO">Clicking element '//span[@title='Country']'.</msg>
<status status="PASS" starttime="20190516 14:53:55.727" endtime="20190516 14:53:55.827"></status>
</kw>
<kw name="Click Element" library="SeleniumLibrary">
<doc>Click element identified by ``locator``.</doc>
<arguments>
<arg>${CountrySelect}</arg>
</arguments>
<msg timestamp="20190516 14:53:55.828" level="INFO">Clicking element '//body//option[232]'.</msg>
<status status="PASS" starttime="20190516 14:53:55.827" endtime="20190516 14:53:55.871"></status>
</kw>
<kw name="Input Text" library="SeleniumLibrary">
<doc>Types the given ``text`` into text field identified by ``locator``.</doc>
<arguments>
<arg>${SellerCity}</arg>
<arg>${sellercityentry}</arg>
</arguments>
<msg timestamp="20190516 14:53:55.872" level="INFO">Typing text 'Brooklyn' into text field '//input[@placeholder='City']'.</msg>
<status status="PASS" starttime="20190516 14:53:55.872" endtime="20190516 14:53:55.975"></status>
</kw>
<kw name="Input Text" library="SeleniumLibrary">
<doc>Types the given ``text`` into text field identified by ``locator``.</doc>
<arguments>
<arg>${SellerAddress}</arg>
<arg>${selleraddressentry}</arg>
</arguments>
<msg timestamp="20190516 14:53:55.976" level="INFO">Typing text '101 Jefferson Ave' into text field '//input[@placeholder='Address']'.</msg>
<status status="PASS" starttime="20190516 14:53:55.976" endtime="20190516 14:53:56.143"></status>
</kw>
<kw name="Input Text" library="SeleniumLibrary">
<doc>Types the given ``text`` into text field identified by ``locator``.</doc>
<arguments>
<arg>${SellerProducts}</arg>
<arg>${sellerproductsentry}</arg>
</arguments>
<msg timestamp="20190516 14:53:56.143" level="INFO">Typing text 'Salmon, Cod, Sardines' into text field '//input[@placeholder='Products Interested in Selling']'.</msg>
<status status="PASS" starttime="20190516 14:53:56.143" endtime="20190516 14:53:56.327"></status>
</kw>
<kw name="Input Text" library="SeleniumLibrary">
<doc>Types the given ``text`` into text field identified by ``locator``.</doc>
<arguments>
<arg>${TradeLicenseNum}</arg>
<arg>${sellerlicense}</arg>
</arguments>
<msg timestamp="20190516 14:53:56.327" level="INFO">Typing text '212' into text field '//input[@placeholder='Trade License Number']'.</msg>
<status status="PASS" starttime="20190516 14:53:56.327" endtime="20190516 14:53:56.406"></status>
</kw>
<kw name="Input Text" library="SeleniumLibrary">
<doc>Types the given ``text`` into text field identified by ``locator``.</doc>
<arguments>
<arg>${FoodSafetyNum}</arg>
<arg>${sellersafteynum}</arg>
</arguments>
<msg timestamp="20190516 14:53:56.407" level="INFO">Typing text '1234' into text field '//input[@placeholder='Food Safety Certificate NUmber ']'.</msg>
<status status="PASS" starttime="20190516 14:53:56.406" endtime="20190516 14:53:56.485"></status>
</kw>
<kw name="Input Text" library="SeleniumLibrary">
<doc>Types the given ``text`` into text field identified by ``locator``.</doc>
<arguments>
<arg>${CorpBankNum}</arg>
<arg>${sellerbanknumber}</arg>
</arguments>
<msg timestamp="20190516 14:53:56.485" level="INFO">Typing text '12342' into text field '//input[@placeholder='Bank Account Number']'.</msg>
<status status="PASS" starttime="20190516 14:53:56.485" endtime="20190516 14:53:56.570"></status>
</kw>
<kw name="Input Text" library="SeleniumLibrary">
<doc>Types the given ``text`` into text field identified by ``locator``.</doc>
<arguments>
<arg>${SwiftCode}</arg>
<arg>${sellerswiftcode}</arg>
</arguments>
<msg timestamp="20190516 14:53:56.570" level="INFO">Typing text '12' into text field '//input[@placeholder='Swift Code ']'.</msg>
<status status="PASS" starttime="20190516 14:53:56.570" endtime="20190516 14:53:56.639"></status>
</kw>
<kw name="Click Element" library="SeleniumLibrary">
<doc>Click element identified by ``locator``.</doc>
<arguments>
<arg>${CurrencyDrop}</arg>
</arguments>
<msg timestamp="20190516 14:53:56.639" level="INFO">Clicking element '//select[@formcontrolname='CurrencyofTrade']'.</msg>
<status status="PASS" starttime="20190516 14:53:56.639" endtime="20190516 14:53:56.728"></status>
</kw>
<kw name="Click Element" library="SeleniumLibrary">
<doc>Click element identified by ``locator``.</doc>
<arguments>
<arg>${CurrencySelection}</arg>
</arguments>
<msg timestamp="20190516 14:53:56.728" level="INFO">Clicking element '//option[contains(text(),'USD')]'.</msg>
<status status="PASS" starttime="20190516 14:53:56.728" endtime="20190516 14:53:56.761"></status>
</kw>
<kw name="Click Element" library="SeleniumLibrary">
<doc>Click element identified by ``locator``.</doc>
<arguments>
<arg>${TermsConditions}</arg>
</arguments>
<msg timestamp="20190516 14:53:56.761" level="INFO">Clicking element '//input[@type='checkbox']'.</msg>
<status status="PASS" starttime="20190516 14:53:56.761" endtime="20190516 14:53:57.093"></status>
</kw>
<kw name="Click Element" library="SeleniumLibrary">
<doc>Click element identified by ``locator``.</doc>
<arguments>
<arg>${RegisterToSell}</arg>
</arguments>
<msg timestamp="20190516 14:53:57.094" level="INFO">Clicking element '//button[contains(.,'REGISTER TO SELL')]'.</msg>
<status status="PASS" starttime="20190516 14:53:57.093" endtime="20190516 14:53:57.155"></status>
</kw>
<kw name="Wait Until Element Is Visible" library="SeleniumLibrary">
<doc>Waits until element ``locator`` is visible.</doc>
<arguments>
<arg>${ClickToGoBack}</arg>
</arguments>
<status status="PASS" starttime="20190516 14:53:57.155" endtime="20190516 14:53:59.743"></status>
</kw>
<kw name="Click Element" library="SeleniumLibrary">
<doc>Click element identified by ``locator``.</doc>
<arguments>
<arg>${ClickToGoBack}</arg>
</arguments>
<msg timestamp="20190516 14:53:59.743" level="INFO">Clicking element '//h2[contains(.,'Or to go back home')]'.</msg>
<status status="PASS" starttime="20190516 14:53:59.743" endtime="20190516 14:53:59.814"></status>
</kw>
<kw name="Wait Until Element Is Visible" library="SeleniumLibrary">
<doc>Waits until element ``locator`` is visible.</doc>
<arguments>
<arg>${RegisterHeaderBtn}</arg>
</arguments>
<status status="PASS" starttime="20190516 14:53:59.815" endtime="20190516 14:53:59.839"></status>
</kw>
<status status="PASS" starttime="20190516 14:53:51.387" endtime="20190516 14:53:59.839"></status>
</kw>
<kw name="End Web Test" library="Common" type="teardown">
<kw name="Close Browser" library="SeleniumLibrary">
<doc>Closes the current browser.</doc>
<status status="PASS" starttime="20190516 14:53:59.840" endtime="20190516 14:53:59.921"></status>
</kw>
<status status="PASS" starttime="20190516 14:53:59.839" endtime="20190516 14:53:59.921"></status>
</kw>
<status status="PASS" starttime="20190516 14:53:42.260" endtime="20190516 14:53:59.921" critical="yes"></status>
</test>
<doc>Seafood Souq Smoke Test</doc>
<status status="PASS" starttime="20190516 14:53:42.000" endtime="20190516 14:53:59.922"></status>
</suite>
<statistics>
<total>
<stat pass="1" fail="0">Critical Tests</stat>
<stat pass="1" fail="0">All Tests</stat>
</total>
<tag>
</tag>
<suite>
<stat pass="1" fail="0" id="s1" name="Launch">Launch</stat>
</suite>
</statistics>
<errors>
</errors>
</robot>
