<?xml version="1.0" encoding="UTF-8"?>
<robot generator="Robot 3.0.4 (Python 3.6.4 on darwin)" generated="20190702 11:45:54.371">
<suite id="s1" name="Launch" source="/Users/ronharley/AutomatedTests/SSouq/Central/Launch.robot">
<test id="s1-t1" name="Add Product">
<kw name="Begin Web Test" library="Common" type="setup">
<kw name="Open Browser" library="SeleniumLibrary">
<doc>Opens a new browser instance to the given ``url``.</doc>
<arguments>
<arg>about:blank</arg>
<arg>${BROWSER}</arg>
</arguments>
<msg timestamp="20190702 11:45:54.733" level="INFO">Opening browser 'chrome' to base url 'about:blank'.</msg>
<status status="PASS" starttime="20190702 11:45:54.732" endtime="20190702 11:45:56.667"></status>
</kw>
<status status="PASS" starttime="20190702 11:45:54.732" endtime="20190702 11:45:56.667"></status>
</kw>
<kw name="Log To Console" library="BuiltIn">
<doc>Logs the given message to the console.</doc>
<arguments>
<arg>Add Product</arg>
</arguments>
<status status="PASS" starttime="20190702 11:45:56.668" endtime="20190702 11:45:56.669"></status>
</kw>
<kw name="Navigate_To_Page" library="SSouqSmoke">
<tags>
<tag>Go to Seafood Souq url</tag>
</tags>
<arguments>
<arg>https://qa.seafoodsouq.com</arg>
</arguments>
<kw name="Set Variable" library="BuiltIn">
<doc>Returns the given values which can then be assigned to a variables.</doc>
<arguments>
<arg>${SFSURL}</arg>
</arguments>
<assign>
<var>${sfstesturl}</var>
</assign>
<msg timestamp="20190702 11:45:56.670" level="INFO">${sfstesturl} = https://qa.seafoodsouq.com</msg>
<status status="PASS" starttime="20190702 11:45:56.670" endtime="20190702 11:45:56.670"></status>
</kw>
<kw name="Log To Console" library="BuiltIn">
<doc>Logs the given message to the console.</doc>
<arguments>
<arg>Navigating to Seafood Souq</arg>
</arguments>
<status status="PASS" starttime="20190702 11:45:56.670" endtime="20190702 11:45:56.671"></status>
</kw>
<kw name="Go To" library="SeleniumLibrary">
<doc>Navigates the active browser instance to the provided ``url``.</doc>
<arguments>
<arg>${sfstesturl}</arg>
</arguments>
<msg timestamp="20190702 11:45:56.671" level="INFO">Opening url 'https://qa.seafoodsouq.com'</msg>
<status status="PASS" starttime="20190702 11:45:56.671" endtime="20190702 11:46:08.133"></status>
</kw>
<kw name="Maximize Browser Window" library="SeleniumLibrary">
<doc>Maximizes current browser window.</doc>
<status status="PASS" starttime="20190702 11:46:08.133" endtime="20190702 11:46:08.327"></status>
</kw>
<status status="PASS" starttime="20190702 11:45:56.669" endtime="20190702 11:46:08.327"></status>
</kw>
<kw name="Existing User Login" library="SSouqSmoke">
<tags>
<tag>Log In Up</tag>
</tags>
<arguments>
<arg>Seller6/1@seafoodsouq.com</arg>
<arg>Test1234</arg>
</arguments>
<kw name="Set Variable" library="BuiltIn">
<doc>Returns the given values which can then be assigned to a variables.</doc>
<arguments>
<arg>${EXISTINGU}</arg>
</arguments>
<assign>
<var>${existinguser}</var>
</assign>
<msg timestamp="20190702 11:46:08.329" level="INFO">${existinguser} = Seller6/1@seafoodsouq.com</msg>
<status status="PASS" starttime="20190702 11:46:08.328" endtime="20190702 11:46:08.329"></status>
</kw>
<kw name="Set Variable" library="BuiltIn">
<doc>Returns the given values which can then be assigned to a variables.</doc>
<arguments>
<arg>${EXISTINGP}</arg>
</arguments>
<assign>
<var>${existingpw}</var>
</assign>
<msg timestamp="20190702 11:46:08.329" level="INFO">${existingpw} = Test1234</msg>
<status status="PASS" starttime="20190702 11:46:08.329" endtime="20190702 11:46:08.329"></status>
</kw>
<kw name="Log To Console" library="BuiltIn">
<doc>Logs the given message to the console.</doc>
<arguments>
<arg>Log into Seafood Souq</arg>
</arguments>
<status status="PASS" starttime="20190702 11:46:08.329" endtime="20190702 11:46:08.330"></status>
</kw>
<kw name="Set Window Size" library="SeleniumLibrary">
<doc>Sets current windows size to given ``width`` and ``height``.</doc>
<arguments>
<arg>1366</arg>
<arg>800</arg>
</arguments>
<status status="PASS" starttime="20190702 11:46:08.330" endtime="20190702 11:46:08.435"></status>
</kw>
<kw name="Wait Until Element Is Visible" library="SeleniumLibrary">
<doc>Waits until element ``locator`` is visible.</doc>
<arguments>
<arg>${Login}</arg>
</arguments>
<status status="PASS" starttime="20190702 11:46:08.435" endtime="20190702 11:46:08.470"></status>
</kw>
<kw name="Click Element" library="SeleniumLibrary">
<doc>Click element identified by ``locator``.</doc>
<arguments>
<arg>${Login}</arg>
</arguments>
<msg timestamp="20190702 11:46:08.471" level="INFO">Clicking element '//div[@class='carousel-nav-sfs']//a[@class='nav-link'][contains(text(),'Login')]'.</msg>
<status status="PASS" starttime="20190702 11:46:08.471" endtime="20190702 11:46:08.517"></status>
</kw>
<kw name="Wait Until Element Is Visible" library="SeleniumLibrary">
<doc>Waits until element ``locator`` is visible.</doc>
<arguments>
<arg>${WelcomeBack}</arg>
<arg>10</arg>
</arguments>
<status status="PASS" starttime="20190702 11:46:08.517" endtime="20190702 11:46:09.177"></status>
</kw>
<kw name="Input Text" library="SeleniumLibrary">
<doc>Types the given ``text`` into text field identified by ``locator``.</doc>
<arguments>
<arg>${EmailField}</arg>
<arg>${existinguser}</arg>
</arguments>
<msg timestamp="20190702 11:46:09.178" level="INFO">Typing text 'Seller6/1@seafoodsouq.com' into text field '//input[contains(@formcontrolname,'email')]'.</msg>
<status status="PASS" starttime="20190702 11:46:09.177" endtime="20190702 11:46:09.336"></status>
</kw>
<kw name="Input Password" library="SeleniumLibrary">
<doc>Types the given password into text field identified by ``locator``.</doc>
<arguments>
<arg>${PasswordField}</arg>
<arg>${existingpw}</arg>
</arguments>
<msg timestamp="20190702 11:46:09.336" level="INFO">Typing password into text field '//input[contains(@formcontrolname,'password')]'.</msg>
<status status="PASS" starttime="20190702 11:46:09.336" endtime="20190702 11:46:09.413"></status>
</kw>
<kw name="Click Element" library="SeleniumLibrary">
<doc>Click element identified by ``locator``.</doc>
<arguments>
<arg>${LoginBtn}</arg>
</arguments>
<msg timestamp="20190702 11:46:09.413" level="INFO">Clicking element '//button[@class='btn-blue'][contains(.,'LOGIN')]'.</msg>
<status status="PASS" starttime="20190702 11:46:09.413" endtime="20190702 11:46:09.467"></status>
</kw>
<status status="PASS" starttime="20190702 11:46:08.328" endtime="20190702 11:46:09.467"></status>
</kw>
<kw name="Add Product" library="SSouqSmoke">
<tags>
<tag>Addition of Product</tag>
</tags>
<arguments>
<arg>Test</arg>
<arg>Test</arg>
<arg>1234</arg>
<arg>4321</arg>
<arg>5</arg>
<arg>10</arg>
<arg>3</arg>
</arguments>
<kw name="Set Variable" library="BuiltIn">
<doc>Returns the given values which can then be assigned to a variables.</doc>
<arguments>
<arg>${PRODNAME}</arg>
</arguments>
<assign>
<var>${pa_name}</var>
</assign>
<msg timestamp="20190702 11:46:09.468" level="INFO">${pa_name} = Test</msg>
<status status="PASS" starttime="20190702 11:46:09.468" endtime="20190702 11:46:09.469"></status>
</kw>
<kw name="Set Variable" library="BuiltIn">
<doc>Returns the given values which can then be assigned to a variables.</doc>
<arguments>
<arg>${BRANDNAME}</arg>
</arguments>
<assign>
<var>${pa_brand}</var>
</assign>
<msg timestamp="20190702 11:46:09.469" level="INFO">${pa_brand} = Test</msg>
<status status="PASS" starttime="20190702 11:46:09.469" endtime="20190702 11:46:09.469"></status>
</kw>
<kw name="Set Variable" library="BuiltIn">
<doc>Returns the given values which can then be assigned to a variables.</doc>
<arguments>
<arg>${PRODSKU}</arg>
</arguments>
<assign>
<var>${pa_sku}</var>
</assign>
<msg timestamp="20190702 11:46:09.469" level="INFO">${pa_sku} = 1234</msg>
<status status="PASS" starttime="20190702 11:46:09.469" endtime="20190702 11:46:09.469"></status>
</kw>
<kw name="Set Variable" library="BuiltIn">
<doc>Returns the given values which can then be assigned to a variables.</doc>
<arguments>
<arg>${HSCODE}</arg>
</arguments>
<assign>
<var>${pa_hscode}</var>
</assign>
<msg timestamp="20190702 11:46:09.470" level="INFO">${pa_hscode} = 4321</msg>
<status status="PASS" starttime="20190702 11:46:09.469" endtime="20190702 11:46:09.470"></status>
</kw>
<kw name="Set Variable" library="BuiltIn">
<doc>Returns the given values which can then be assigned to a variables.</doc>
<arguments>
<arg>${MAXORDER}</arg>
</arguments>
<assign>
<var>${pa_max_o}</var>
</assign>
<msg timestamp="20190702 11:46:09.470" level="INFO">${pa_max_o} = 5</msg>
<status status="PASS" starttime="20190702 11:46:09.470" endtime="20190702 11:46:09.470"></status>
</kw>
<kw name="Set Variable" library="BuiltIn">
<doc>Returns the given values which can then be assigned to a variables.</doc>
<arguments>
<arg>${MINORDER}</arg>
</arguments>
<assign>
<var>${pa_min_o}</var>
</assign>
<msg timestamp="20190702 11:46:09.471" level="INFO">${pa_min_o} = 10</msg>
<status status="PASS" starttime="20190702 11:46:09.470" endtime="20190702 11:46:09.471"></status>
</kw>
<kw name="Set Variable" library="BuiltIn">
<doc>Returns the given values which can then be assigned to a variables.</doc>
<arguments>
<arg>${SPOIL}</arg>
</arguments>
<assign>
<var>${pa_spoil}</var>
</assign>
<msg timestamp="20190702 11:46:09.471" level="INFO">${pa_spoil} = 3</msg>
<status status="PASS" starttime="20190702 11:46:09.471" endtime="20190702 11:46:09.471"></status>
</kw>
<kw name="Set Window Size" library="SeleniumLibrary">
<doc>Sets current windows size to given ``width`` and ``height``.</doc>
<arguments>
<arg>1366</arg>
<arg>800</arg>
</arguments>
<status status="PASS" starttime="20190702 11:46:09.471" endtime="20190702 11:46:09.574"></status>
</kw>
<kw name="Wait Until Element Is Visible" library="SeleniumLibrary">
<doc>Waits until element ``locator`` is visible.</doc>
<arguments>
<arg>${AddNewButton}</arg>
<arg>10</arg>
</arguments>
<status status="PASS" starttime="20190702 11:46:09.575" endtime="20190702 11:46:12.141"></status>
</kw>
<kw name="Click Element" library="SeleniumLibrary">
<doc>Click element identified by ``locator``.</doc>
<arguments>
<arg>${AddNewButton}</arg>
</arguments>
<msg timestamp="20190702 11:46:12.141" level="INFO">Clicking element '//div[@class='add-new-box']//div'.</msg>
<status status="PASS" starttime="20190702 11:46:12.141" endtime="20190702 11:46:12.198"></status>
</kw>
<kw name="Wait Until Element Is Visible" library="SeleniumLibrary">
<doc>Waits until element ``locator`` is visible.</doc>
<arguments>
<arg>${AddNewProductHeader}</arg>
</arguments>
<status status="PASS" starttime="20190702 11:46:12.198" endtime="20190702 11:46:13.917"></status>
</kw>
<kw name="Log To Console" library="BuiltIn">
<doc>Logs the given message to the console.</doc>
<arguments>
<arg>Enter Product Type</arg>
</arguments>
<status status="PASS" starttime="20190702 11:46:13.918" endtime="20190702 11:46:13.918"></status>
</kw>
<kw name="Input Text" library="SeleniumLibrary">
<doc>Types the given ``text`` into text field identified by ``locator``.</doc>
<arguments>
<arg>${ProductNameField}</arg>
<arg>${pa_name}</arg>
</arguments>
<msg timestamp="20190702 11:46:13.918" level="INFO">Typing text 'Test' into text field '//input[@placeholder='Product Name...*']'.</msg>
<status status="PASS" starttime="20190702 11:46:13.918" endtime="20190702 11:46:14.047"></status>
</kw>
<kw name="Input Text" library="SeleniumLibrary">
<doc>Types the given ``text`` into text field identified by ``locator``.</doc>
<arguments>
<arg>${BrandNameField}</arg>
<arg>${pa_brand}</arg>
</arguments>
<msg timestamp="20190702 11:46:14.048" level="INFO">Typing text 'Test' into text field '//input[contains(@placeholder,'Brand Name')]'.</msg>
<status status="PASS" starttime="20190702 11:46:14.047" endtime="20190702 11:46:14.177"></status>
</kw>
<kw name="Click Element" library="SeleniumLibrary">
<doc>Click element identified by ``locator``.</doc>
<arguments>
<arg>${SeaLifeCatDrop}</arg>
</arguments>
<msg timestamp="20190702 11:46:14.178" level="INFO">Clicking element '//select[@id='cat']'.</msg>
<status status="PASS" starttime="20190702 11:46:14.178" endtime="20190702 11:46:14.278"></status>
</kw>
<kw name="Sleep" library="BuiltIn">
<doc>Pauses the test executed for the given time.</doc>
<arguments>
<arg>1</arg>
</arguments>
<msg timestamp="20190702 11:46:15.279" level="INFO">Slept 1 second</msg>
<status status="PASS" starttime="20190702 11:46:14.278" endtime="20190702 11:46:15.279"></status>
</kw>
<kw name="Click Element" library="SeleniumLibrary">
<doc>Click element identified by ``locator``.</doc>
<arguments>
<arg>${SeaLifeCatSelection}</arg>
</arguments>
<msg timestamp="20190702 11:46:15.280" level="INFO">Clicking element '//option[contains(text(),'Fish')]'.</msg>
<status status="PASS" starttime="20190702 11:46:15.279" endtime="20190702 11:46:15.643"></status>
</kw>
<kw name="Sleep" library="BuiltIn">
<doc>Pauses the test executed for the given time.</doc>
<arguments>
<arg>1</arg>
</arguments>
<msg timestamp="20190702 11:46:16.644" level="INFO">Slept 1 second</msg>
<status status="PASS" starttime="20190702 11:46:15.643" endtime="20190702 11:46:16.644"></status>
</kw>
<kw name="Click Element" library="SeleniumLibrary">
<doc>Click element identified by ``locator``.</doc>
<arguments>
<arg>${SeaLifeCatDrop}</arg>
</arguments>
<msg timestamp="20190702 11:46:16.645" level="INFO">Clicking element '//select[@id='cat']'.</msg>
<status status="PASS" starttime="20190702 11:46:16.644" endtime="20190702 11:46:16.733"></status>
</kw>
<kw name="Click Element" library="SeleniumLibrary">
<doc>Click element identified by ``locator``.</doc>
<arguments>
<arg>${SeaLifeCatSelection}</arg>
</arguments>
<msg timestamp="20190702 11:46:16.734" level="INFO">Clicking element '//option[contains(text(),'Fish')]'.</msg>
<status status="PASS" starttime="20190702 11:46:16.734" endtime="20190702 11:46:16.753"></status>
</kw>
<kw name="Sleep" library="BuiltIn">
<doc>Pauses the test executed for the given time.</doc>
<arguments>
<arg>1</arg>
</arguments>
<msg timestamp="20190702 11:46:17.755" level="INFO">Slept 1 second</msg>
<status status="PASS" starttime="20190702 11:46:16.754" endtime="20190702 11:46:17.755"></status>
</kw>
<kw name="Click Element" library="SeleniumLibrary">
<doc>Click element identified by ``locator``.</doc>
<arguments>
<arg>${SeaLifeSpeciesDrop}</arg>
</arguments>
<msg timestamp="20190702 11:46:17.756" level="INFO">Clicking element '//select[@id='specie']'.</msg>
<status status="PASS" starttime="20190702 11:46:17.755" endtime="20190702 11:46:18.077"></status>
</kw>
<kw name="Sleep" library="BuiltIn">
<doc>Pauses the test executed for the given time.</doc>
<arguments>
<arg>1</arg>
</arguments>
<msg timestamp="20190702 11:46:19.078" level="INFO">Slept 1 second</msg>
<status status="PASS" starttime="20190702 11:46:18.077" endtime="20190702 11:46:19.078"></status>
</kw>
<kw name="Click Element" library="SeleniumLibrary">
<doc>Click element identified by ``locator``.</doc>
<arguments>
<arg>${SeaLifeSpeciesSelection}</arg>
</arguments>
<msg timestamp="20190702 11:46:19.079" level="INFO">Clicking element '//option[contains(text(),'Salmon')]'.</msg>
<status status="PASS" starttime="20190702 11:46:19.079" endtime="20190702 11:46:19.359"></status>
</kw>
<kw name="Sleep" library="BuiltIn">
<doc>Pauses the test executed for the given time.</doc>
<arguments>
<arg>1</arg>
</arguments>
<msg timestamp="20190702 11:46:20.360" level="INFO">Slept 1 second</msg>
<status status="PASS" starttime="20190702 11:46:19.359" endtime="20190702 11:46:20.360"></status>
</kw>
<kw name="Click Element" library="SeleniumLibrary">
<doc>Click element identified by ``locator``.</doc>
<arguments>
<arg>${SeaLifeSubSpeciesDrop}</arg>
</arguments>
<msg timestamp="20190702 11:46:20.361" level="INFO">Clicking element '//select[@id='subspecie']'.</msg>
<status status="PASS" starttime="20190702 11:46:20.360" endtime="20190702 11:46:20.460"></status>
</kw>
<kw name="Sleep" library="BuiltIn">
<doc>Pauses the test executed for the given time.</doc>
<arguments>
<arg>1</arg>
</arguments>
<msg timestamp="20190702 11:46:21.462" level="INFO">Slept 1 second</msg>
<status status="PASS" starttime="20190702 11:46:20.460" endtime="20190702 11:46:21.462"></status>
</kw>
<kw name="Click Element" library="SeleniumLibrary">
<doc>Click element identified by ``locator``.</doc>
<arguments>
<arg>${SeaLifeSubSpeciesSelection}</arg>
</arguments>
<msg timestamp="20190702 11:46:21.463" level="INFO">Clicking element '//option[contains(text(),'Pacific Salmon')]'.</msg>
<status status="PASS" starttime="20190702 11:46:21.462" endtime="20190702 11:46:21.742"></status>
</kw>
<kw name="Sleep" library="BuiltIn">
<doc>Pauses the test executed for the given time.</doc>
<arguments>
<arg>1</arg>
</arguments>
<msg timestamp="20190702 11:46:22.744" level="INFO">Slept 1 second</msg>
<status status="PASS" starttime="20190702 11:46:21.743" endtime="20190702 11:46:22.744"></status>
</kw>
<kw name="Click Element" library="SeleniumLibrary">
<doc>Click element identified by ``locator``.</doc>
<arguments>
<arg>${SeaLifeSubSpeciesVarDrop}</arg>
</arguments>
<msg timestamp="20190702 11:46:22.745" level="INFO">Clicking element '//select[@id='variant']'.</msg>
<status status="PASS" starttime="20190702 11:46:22.744" endtime="20190702 11:46:22.810"></status>
</kw>
<kw name="Sleep" library="BuiltIn">
<doc>Pauses the test executed for the given time.</doc>
<arguments>
<arg>1</arg>
</arguments>
<msg timestamp="20190702 11:46:23.812" level="INFO">Slept 1 second</msg>
<status status="PASS" starttime="20190702 11:46:22.811" endtime="20190702 11:46:23.812"></status>
</kw>
<kw name="Click Element" library="SeleniumLibrary">
<doc>Click element identified by ``locator``.</doc>
<arguments>
<arg>${SeaLifeSubSpeciesVarSelection}</arg>
</arguments>
<msg timestamp="20190702 11:46:23.813" level="INFO">Clicking element '//option[contains(text(),'Coho')]'.</msg>
<status status="PASS" starttime="20190702 11:46:23.812" endtime="20190702 11:46:24.093"></status>
</kw>
<kw name="Log To Console" library="BuiltIn">
<doc>Logs the given message to the console.</doc>
<arguments>
<arg>Enter Product Features</arg>
</arguments>
<status status="PASS" starttime="20190702 11:46:24.093" endtime="20190702 11:46:24.093"></status>
</kw>
<kw name="Click Element" library="SeleniumLibrary">
<doc>Click element identified by ``locator``.</doc>
<arguments>
<arg>${RaisedDrop}</arg>
</arguments>
<msg timestamp="20190702 11:46:24.094" level="INFO">Clicking element '//select[@id='raised']'.</msg>
<status status="PASS" starttime="20190702 11:46:24.094" endtime="20190702 11:46:24.180"></status>
</kw>
<kw name="Click Element" library="SeleniumLibrary">
<doc>Click element identified by ``locator``.</doc>
<arguments>
<arg>${RaisedSelection}</arg>
</arguments>
<msg timestamp="20190702 11:46:24.181" level="INFO">Clicking element '//option[contains(text(),'Organically Farmed')]'.</msg>
<status status="PASS" starttime="20190702 11:46:24.180" endtime="20190702 11:46:24.219"></status>
</kw>
<kw name="Click Element" library="SeleniumLibrary">
<doc>Click element identified by ``locator``.</doc>
<arguments>
<arg>${TreatmentDrop}</arg>
</arguments>
<msg timestamp="20190702 11:46:24.219" level="INFO">Clicking element '//select[@id='treatment']'.</msg>
<status status="PASS" starttime="20190702 11:46:24.219" endtime="20190702 11:46:24.546"></status>
</kw>
<kw name="Click Element" library="SeleniumLibrary">
<doc>Click element identified by ``locator``.</doc>
<arguments>
<arg>${TreatmentSelection}</arg>
</arguments>
<msg timestamp="20190702 11:46:24.547" level="INFO">Clicking element '//option[contains(text(),'Fresh')]'.</msg>
<status status="PASS" starttime="20190702 11:46:24.546" endtime="20190702 11:46:24.586"></status>
</kw>
<kw name="Log To Console" library="BuiltIn">
<doc>Logs the given message to the console.</doc>
<arguments>
<arg>Add Product Images</arg>
</arguments>
<status status="PASS" starttime="20190702 11:46:24.586" endtime="20190702 11:46:24.586"></status>
</kw>
<kw name="Scroll Element Into View" library="SeleniumLibrary">
<doc>Scrolls an element identified by ``locator`` into view.</doc>
<arguments>
<arg>${ProductDetailsHeader}</arg>
</arguments>
<status status="PASS" starttime="20190702 11:46:24.586" endtime="20190702 11:46:24.630"></status>
</kw>
<kw name="Click Element" library="SeleniumLibrary">
<doc>Click element identified by ``locator``.</doc>
<arguments>
<arg>${UploadImage}</arg>
</arguments>
<msg timestamp="20190702 11:46:24.630" level="INFO">Clicking element '//label[contains(text(),'Upload your images...*')]'.</msg>
<status status="PASS" starttime="20190702 11:46:24.630" endtime="20190702 11:46:24.919"></status>
</kw>
<kw name="Capture Page Screenshot" library="SeleniumLibrary">
<doc>Takes screenshot of the current page and embeds it into log file.</doc>
<msg timestamp="20190702 11:46:27.204" level="INFO" html="yes">&lt;/td&gt;&lt;/tr&gt;&lt;tr&gt;&lt;td colspan="3"&gt;&lt;a href="selenium-screenshot-92.png"&gt;&lt;img src="selenium-screenshot-92.png" width="800px"&gt;&lt;/a&gt;</msg>
<status status="PASS" starttime="20190702 11:46:24.919" endtime="20190702 11:46:27.204"></status>
</kw>
<kw name="Sleep" library="BuiltIn">
<doc>Pauses the test executed for the given time.</doc>
<arguments>
<arg>4</arg>
</arguments>
<msg timestamp="20190702 11:46:31.205" level="INFO">Slept 4 seconds</msg>
<status status="PASS" starttime="20190702 11:46:27.204" endtime="20190702 11:46:31.206"></status>
</kw>
<kw name="Choose File" library="SeleniumLibrary">
<doc>Inputs the ``file_path`` into file input field ``locator``.</doc>
<arguments>
<arg>${UploadProductImage}</arg>
<arg>${ImageOne}</arg>
</arguments>
<status status="PASS" starttime="20190702 11:46:31.206" endtime="20190702 11:46:31.241"></status>
</kw>
<kw name="Sleep" library="BuiltIn">
<doc>Pauses the test executed for the given time.</doc>
<arguments>
<arg>3</arg>
</arguments>
<msg timestamp="20190702 11:46:34.243" level="INFO">Slept 3 seconds</msg>
<status status="PASS" starttime="20190702 11:46:31.241" endtime="20190702 11:46:34.243"></status>
</kw>
<kw name="Capture Page Screenshot" library="SeleniumLibrary">
<doc>Takes screenshot of the current page and embeds it into log file.</doc>
<msg timestamp="20190702 11:46:34.674" level="INFO" html="yes">&lt;/td&gt;&lt;/tr&gt;&lt;tr&gt;&lt;td colspan="3"&gt;&lt;a href="selenium-screenshot-93.png"&gt;&lt;img src="selenium-screenshot-93.png" width="800px"&gt;&lt;/a&gt;</msg>
<status status="PASS" starttime="20190702 11:46:34.243" endtime="20190702 11:46:34.674"></status>
</kw>
<kw name="Wait Until Element Is Visible" library="SeleniumLibrary">
<doc>Waits until element ``locator`` is visible.</doc>
<arguments>
<arg>${ImageOneUpload}</arg>
</arguments>
<status status="PASS" starttime="20190702 11:46:34.675" endtime="20190702 11:46:34.698"></status>
</kw>
<kw name="Sleep" library="BuiltIn">
<doc>Pauses the test executed for the given time.</doc>
<arguments>
<arg>2</arg>
</arguments>
<msg timestamp="20190702 11:46:36.698" level="INFO">Slept 2 seconds</msg>
<status status="PASS" starttime="20190702 11:46:34.698" endtime="20190702 11:46:36.699"></status>
</kw>
<kw name="Log To Console" library="BuiltIn">
<doc>Logs the given message to the console.</doc>
<arguments>
<arg>Enter Product Details</arg>
</arguments>
<status status="PASS" starttime="20190702 11:46:36.699" endtime="20190702 11:46:36.699"></status>
</kw>
<kw name="Scroll Element Into View" library="SeleniumLibrary">
<doc>Scrolls an element identified by ``locator`` into view.</doc>
<arguments>
<arg>${ProductPriceHeader}</arg>
</arguments>
<status status="PASS" starttime="20190702 11:46:36.699" endtime="20190702 11:46:36.741"></status>
</kw>
<kw name="Click Element" library="SeleniumLibrary">
<doc>Click element identified by ``locator``.</doc>
<arguments>
<arg>${CountryOriginDrop}</arg>
</arguments>
<msg timestamp="20190702 11:46:36.742" level="INFO">Clicking element '//select[@id='country']'.</msg>
<status status="PASS" starttime="20190702 11:46:36.741" endtime="20190702 11:46:36.848"></status>
</kw>
<kw name="Sleep" library="BuiltIn">
<doc>Pauses the test executed for the given time.</doc>
<arguments>
<arg>2</arg>
</arguments>
<msg timestamp="20190702 11:46:38.849" level="INFO">Slept 2 seconds</msg>
<status status="PASS" starttime="20190702 11:46:36.848" endtime="20190702 11:46:38.849"></status>
</kw>
<kw name="Capture Page Screenshot" library="SeleniumLibrary">
<doc>Takes screenshot of the current page and embeds it into log file.</doc>
<msg timestamp="20190702 11:46:39.283" level="INFO" html="yes">&lt;/td&gt;&lt;/tr&gt;&lt;tr&gt;&lt;td colspan="3"&gt;&lt;a href="selenium-screenshot-94.png"&gt;&lt;img src="selenium-screenshot-94.png" width="800px"&gt;&lt;/a&gt;</msg>
<status status="PASS" starttime="20190702 11:46:38.850" endtime="20190702 11:46:39.283"></status>
</kw>
<kw name="Click Element" library="SeleniumLibrary">
<doc>Click element identified by ``locator``.</doc>
<arguments>
<arg>${CountryOriginSelection}</arg>
</arguments>
<msg timestamp="20190702 11:46:39.283" level="INFO">Clicking element '//select[@id='country']//option[contains(text(),'Afghanistan')]'.</msg>
<status status="PASS" starttime="20190702 11:46:39.283" endtime="20190702 11:46:39.329"></status>
</kw>
<kw name="Click Element" library="SeleniumLibrary">
<doc>Click element identified by ``locator``.</doc>
<arguments>
<arg>${ProcessingCountryDrop}</arg>
</arguments>
<msg timestamp="20190702 11:46:39.329" level="INFO">Clicking element '//select[@id='processing']'.</msg>
<status status="PASS" starttime="20190702 11:46:39.329" endtime="20190702 11:46:39.645"></status>
</kw>
<kw name="Click Element" library="SeleniumLibrary">
<doc>Click element identified by ``locator``.</doc>
<arguments>
<arg>${ProcessingCountrySelection}</arg>
</arguments>
<msg timestamp="20190702 11:46:39.646" level="INFO">Clicking element '//select[@id='processing']//option[contains(text(),'Nicaragua')]'.</msg>
<status status="PASS" starttime="20190702 11:46:39.646" endtime="20190702 11:46:39.689"></status>
</kw>
<kw name="Click Element" library="SeleniumLibrary">
<doc>Click element identified by ``locator``.</doc>
<arguments>
<arg>${PortLoadingDrop}</arg>
</arguments>
<msg timestamp="20190702 11:46:39.690" level="INFO">Clicking element '//select[@id='city']'.</msg>
<status status="PASS" starttime="20190702 11:46:39.690" endtime="20190702 11:46:40.013"></status>
</kw>
<kw name="Click Element" library="SeleniumLibrary">
<doc>Click element identified by ``locator``.</doc>
<arguments>
<arg>${PortLoadingSelection}</arg>
</arguments>
<msg timestamp="20190702 11:46:40.014" level="INFO">Clicking element '//option[contains(text(),'Test Afghanistan')]'.</msg>
<status status="PASS" starttime="20190702 11:46:40.014" endtime="20190702 11:46:40.064"></status>
</kw>
<kw name="Click Element" library="SeleniumLibrary">
<doc>Click element identified by ``locator``.</doc>
<arguments>
<arg>${CoHsCodeLookup}</arg>
</arguments>
<msg timestamp="20190702 11:46:40.064" level="INFO">Clicking element '//a[contains(.,'Find Here')]'.</msg>
<status status="PASS" starttime="20190702 11:46:40.064" endtime="20190702 11:46:40.401"></status>
</kw>
<kw name="Log To Console" library="BuiltIn">
<doc>Logs the given message to the console.</doc>
<arguments>
<arg>Enter Product Pricing</arg>
</arguments>
<status status="PASS" starttime="20190702 11:46:40.401" endtime="20190702 11:46:40.401"></status>
</kw>
<kw name="Scroll Element Into View" library="SeleniumLibrary">
<doc>Scrolls an element identified by ``locator`` into view.</doc>
<arguments>
<arg>${PrepHeadOnGut}</arg>
</arguments>
<status status="PASS" starttime="20190702 11:46:40.401" endtime="20190702 11:46:45.581"></status>
</kw>
<kw name="Click Element" library="SeleniumLibrary">
<doc>Click element identified by ``locator``.</doc>
<arguments>
<arg>${UnitOfSaleDrop}</arg>
</arguments>
<msg timestamp="20190702 11:46:45.582" level="INFO">Clicking element '//select[@id='unitsale']'.</msg>
<status status="PASS" starttime="20190702 11:46:45.582" endtime="20190702 11:46:50.717"></status>
</kw>
<kw name="Click Element" library="SeleniumLibrary">
<doc>Click element identified by ``locator``.</doc>
<arguments>
<arg>${UnitOfSaleSelectionKg}</arg>
</arguments>
<msg timestamp="20190702 11:46:50.718" level="INFO">Clicking element '//option[contains(text(),'Kg')]'.</msg>
<status status="PASS" starttime="20190702 11:46:50.718" endtime="20190702 11:46:51.005"></status>
</kw>
<kw name="Input Text" library="SeleniumLibrary">
<doc>Types the given ``text`` into text field identified by ``locator``.</doc>
<arguments>
<arg>${MinOrderField}</arg>
<arg>${pa_min_o}</arg>
</arguments>
<msg timestamp="20190702 11:46:51.006" level="INFO">Typing text '10' into text field '//input[@id='min']'.</msg>
<status status="PASS" starttime="20190702 11:46:51.006" endtime="20190702 11:46:51.127"></status>
</kw>
<kw name="Input Text" library="SeleniumLibrary">
<doc>Types the given ``text`` into text field identified by ``locator``.</doc>
<arguments>
<arg>${MaxOrderField}</arg>
<arg>${pa_max_o}</arg>
</arguments>
<msg timestamp="20190702 11:46:51.127" level="INFO">Typing text '5' into text field '//input[@id='max']'.</msg>
<status status="PASS" starttime="20190702 11:46:51.127" endtime="20190702 11:46:51.236"></status>
</kw>
<kw name="Click Element" library="SeleniumLibrary">
<doc>Click element identified by ``locator``.</doc>
<arguments>
<arg>${AdvancedPriceCheckbox}</arg>
</arguments>
<msg timestamp="20190702 11:46:51.236" level="INFO">Clicking element '//label[contains(.,'6-7 KG')]'.</msg>
<status status="PASS" starttime="20190702 11:46:51.236" endtime="20190702 11:46:56.464"></status>
</kw>
<kw name="Input Text" library="SeleniumLibrary">
<doc>Types the given ``text`` into text field identified by ``locator``.</doc>
<arguments>
<arg>${PriceField}</arg>
<arg>65</arg>
</arguments>
<msg timestamp="20190702 11:46:56.464" level="INFO">Typing text '65' into text field '//input[@ng-reflect-name='0']'.</msg>
<status status="PASS" starttime="20190702 11:46:56.464" endtime="20190702 11:46:56.617"></status>
</kw>
<kw name="Sleep" library="BuiltIn">
<doc>Pauses the test executed for the given time.</doc>
<arguments>
<arg>2</arg>
</arguments>
<msg timestamp="20190702 11:46:58.618" level="INFO">Slept 2 seconds</msg>
<status status="PASS" starttime="20190702 11:46:56.617" endtime="20190702 11:46:58.618"></status>
</kw>
<kw name="Click Element" library="SeleniumLibrary">
<doc>Click element identified by ``locator``.</doc>
<arguments>
<arg>${SubmitButton}</arg>
</arguments>
<msg timestamp="20190702 11:46:58.619" level="INFO">Clicking element '//button[contains(.,'submit product')]'.</msg>
<status status="PASS" starttime="20190702 11:46:58.618" endtime="20190702 11:47:03.831"></status>
</kw>
<kw name="Sleep" library="BuiltIn">
<doc>Pauses the test executed for the given time.</doc>
<arguments>
<arg>8</arg>
</arguments>
<msg timestamp="20190702 11:47:11.833" level="INFO">Slept 8 seconds</msg>
<status status="PASS" starttime="20190702 11:47:03.831" endtime="20190702 11:47:11.833"></status>
</kw>
<kw name="Capture Page Screenshot" library="SeleniumLibrary">
<doc>Takes screenshot of the current page and embeds it into log file.</doc>
<msg timestamp="20190702 11:47:12.402" level="INFO" html="yes">&lt;/td&gt;&lt;/tr&gt;&lt;tr&gt;&lt;td colspan="3"&gt;&lt;a href="selenium-screenshot-95.png"&gt;&lt;img src="selenium-screenshot-95.png" width="800px"&gt;&lt;/a&gt;</msg>
<status status="PASS" starttime="20190702 11:47:11.834" endtime="20190702 11:47:12.402"></status>
</kw>
<status status="PASS" starttime="20190702 11:46:09.468" endtime="20190702 11:47:12.402"></status>
</kw>
<kw name="End Web Test" library="Common" type="teardown">
<kw name="Close Browser" library="SeleniumLibrary">
<doc>Closes the current browser.</doc>
<status status="PASS" starttime="20190702 11:47:12.403" endtime="20190702 11:47:12.507"></status>
</kw>
<status status="PASS" starttime="20190702 11:47:12.402" endtime="20190702 11:47:12.508"></status>
</kw>
<status status="PASS" starttime="20190702 11:45:54.731" endtime="20190702 11:47:12.508" critical="yes"></status>
</test>
<doc>Seafood Souq Smoke Test</doc>
<status status="PASS" starttime="20190702 11:45:54.373" endtime="20190702 11:47:12.510"></status>
</suite>
<statistics>
<total>
<stat pass="1" fail="0">Critical Tests</stat>
<stat pass="1" fail="0">All Tests</stat>
</total>
<tag>
</tag>
<suite>
<stat pass="1" fail="0" id="s1" name="Launch">Launch</stat>
</suite>
</statistics>
<errors>
</errors>
</robot>
